#
# A fatal error has been detected by the Java Runtime Environment:
#
#  EXCEPTION_ACCESS_VIOLATION (0xc0000005) at pc=0x000001d22e6f5a48, pid=37748, tid=32176
#
# JRE version: OpenJDK Runtime Environment (23.0+37) (build 23+37-2369)
# Java VM: OpenJDK 64-Bit Server VM (23+37-2369, mixed mode, sharing, tiered, compressed oops, compressed class ptrs, g1 gc, windows-amd64)
# Problematic frame:
# j  java.lang.invoke.DirectMethodHandle$Holder.newInvokeSpecial(Ljava/lang/Object;)Ljava/lang/Object;+15 java.base@23
#
# No core dump will be written. Minidumps are not enabled by default on client versions of Windows
#
# If you would like to submit a bug report, please visit:
#   https://bugreport.java.com/bugreport/crash.jsp
#

---------------  S U M M A R Y ------------

Command Line: -agentlib:jdwp=transport=dt_socket,address=127.0.0.1:63607,suspend=y,server=n -ea -Didea.test.cyclic.buffer.size=1048576 -javaagent:C:\Users\pa211\AppData\Local\JetBrains\IntelliJIdea2024.2\captureAgent\debugger-agent.jar -Dkotlinx.coroutines.debug.enable.creation.stack.trace=false -Ddebugger.agent.enable.coroutines=true -Dfile.encoding=UTF-8 -Dsun.stdout.encoding=UTF-8 -Dsun.stderr.encoding=UTF-8 com.intellij.rt.junit.JUnitStarter -ideVersion5 -junit5 com.codingshuttle.youtube.hospitalManagement.PatientTests,testPatientRepository

Host: 11th Gen Intel(R) Core(TM) i5-1135G7 @ 2.40GHz, 8 cores, 15G,  Windows 11 , 64 bit Build 22621 (10.0.22621.5415)
Time: Fri Jul 25 17:01:48 2025 India Standard Time elapsed time: 23.682830 seconds (0d 0h 0m 23s)

---------------  T H R E A D  ---------------

Current thread (0x000001d21c76f7b0):  JavaThread "main"             [_thread_in_Java, id=32176, stack(0x0000001d7dc00000,0x0000001d7dd00000) (1024K)]

Stack: [0x0000001d7dc00000,0x0000001d7dd00000],  sp=0x0000001d7dcfb2d0,  free space=1004k
Native frames: (J=compiled Java code, j=interpreted, Vv=VM code, C=native code)
C  0x000001d22e6f5a48  (no source info available)

The last pc belongs to invokestatic (printed below).

siginfo: EXCEPTION_ACCESS_VIOLATION (0xc0000005), reading address 0xffffffffffffffff


Registers:
RAX=0x000001d2003764e0, RBX=0x000001d200022a20, RCX=0x000001d23e0111d0, RDX=0x0000000000000002
RSP=0x0000001d7dcfb2d0, RBP=0x0000001d7dcfb328, RSI=0x000001d27f917458, RDI=0x000001d20b0027f0
R8 =0x0000000000000002, R9 =0x0000000000000002, R10=0x00007ff95df93560, R11=0x000001d23e1e4bf8
R12=0x0000000000000000, R13=0xfffffffffffffff7, R14=0x0000001d7dcfb348, R15=0x000001d21c76f7b0
RIP=0x000001d22e6f5a48, EFLAGS=0x0000000000010282


Register to memory mapping:

RAX=0x000001d2003764e0 is pointing into metadata
RBX={method} {0x000001d200022a28} 'linkToSpecial' '(Ljava/lang/Object;Ljava/lang/invoke/MemberName;)V' in 'java/lang/invoke/MethodHandle'
RCX=0x000001d23e0111d0 is pointing into metadata
RDX=0x0000000000000002 is an unknown value
RSP=0x0000001d7dcfb2d0 is pointing into the stack for thread: 0x000001d21c76f7b0
RBP=0x0000001d7dcfb328 is pointing into the stack for thread: 0x000001d21c76f7b0
RSI=0x000001d27f917458 points into unknown readable memory: 0x88000a00f7b2f22b | 2b f2 b2 f7 00 0a 00 88
RDI=0x000001d20b0027f0 points into unknown readable memory: 0x0000001800000070 | 70 00 00 00 18 00 00 00
R8 =0x0000000000000002 is an unknown value
R9 =0x0000000000000002 is an unknown value
R10=0x00007ff95df93560 jvm.dll
R11={method} {0x000001d23e1e4c00} 'newInvokeSpecial' '(Ljava/lang/Object;)Ljava/lang/Object;' in 'java/lang/invoke/DirectMethodHandle$Holder'
R12=0x0 is null
R13=0xfffffffffffffff7 is an unknown value
R14=0x0000001d7dcfb348 is pointing into the stack for thread: 0x000001d21c76f7b0
R15=0x000001d21c76f7b0 is a thread

Top of Stack: (sp=0x0000001d7dcfb2d0)
0x0000001d7dcfb2d0:   000001d22e6d9054 000000070bad6168
0x0000001d7dcfb2e0:   fffffffffffffff7 000001d23e7f0d47
0x0000001d7dcfb2f0:   0000000000000004 000001d23e1e0ee8
0x0000001d7dcfb300:   000001d2003764d8 00000007fffac930
0x0000001d7dcfb310:   000001d23e1e4bf8 0000000000000000
0x0000001d7dcfb320:   0000001d7dcfb350 0000001d7dcfb6c0
0x0000001d7dcfb330:   000001d22744f3cb 000000070bad60c0
0x0000001d7dcfb340:   000000070bad6168 000000070bad6120
0x0000001d7dcfb350:   000001d22e6d9581 000000070bad6120
0x0000001d7dcfb360:   000000070bad6150 fffffffffffffff7
0x0000001d7dcfb370:   000001d23e91feda 0000000000000003
0x0000001d7dcfb380:   000001d23e297e58 0000000000000000
0x0000001d7dcfb390:   0000000704954cd8 000000070bad5ed0
0x0000001d7dcfb3a0:   fffffffffffffff5 00000000000000b1
0x0000001d7dcfb3b0:   0000001d7dcfb490 000001d22765a6a7
0x0000001d7dcfb3c0:   00000007fffbcea8 000000070bad6150
0x0000001d7dcfb3d0:   fffffffffffffff7 000001d23e83a27d
0x0000001d7dcfb3e0:   0000000000000005 000001d23e212c70
0x0000001d7dcfb3f0:   0000000000000000 0000000700000000
0x0000001d7dcfb400:   000000070bad6150 000000070bad5f28
0x0000001d7dcfb410:   0000001d7dcfb438 0000001d7dcfb490
0x0000001d7dcfb420:   0000001d7dcfb490 000001d22e6d9054
0x0000001d7dcfb430:   000001d22e6d9054 000000070bad6150
0x0000001d7dcfb440:   000000070bad6120 fffffffffffffff7
0x0000001d7dcfb450:   000001d23eca8196 0000000000000004
0x0000001d7dcfb460:   000001d23e474770 000001d200322918
0x0000001d7dcfb470:   0000000704a614f0 000001d23e474360
0x0000001d7dcfb480:   0000000000000000 0000001d7dcfb4c0
0x0000001d7dcfb490:   0000001d7dcfb6c0 000001d227433f24
0x0000001d7dcfb4a0:   000000070bad6150 000001d22744e50c
0x0000001d7dcfb4b0:   0000001d7dcfb6c0 000001d2274340c2
0x0000001d7dcfb4c0:   0000000000000118 000001d22ec81979 

Instructions: (pc=0x000001d22e6f5a48)
0x000001d22e6f5948:   ff d0 48 83 c4 20 ff e0 49 83 7f 08 00 0f 84 05
0x000001d22e6f5958:   00 00 00 e9 60 b5 fd ff 4c 8b 6d c0 4c 8b 75 c8
0x000001d22e6f5968:   4e 8d 74 f5 00 c3 48 8b 4d d0 41 0f b7 55 01 48
0x000001d22e6f5978:   8b 49 30 6b d2 18 48 8d 4c 11 08 48 8b 19 48 8b
0x000001d22e6f5988:   5b 08 48 8b 5b 08 48 8b 5b 18 80 bb 31 01 00 00
0x000001d22e6f5998:   04 0f 84 0d 00 00 00 4c 3b bb 38 01 00 00 0f 85
0x000001d22e6f59a8:   63 fe ff ff 0f b6 51 15 48 8b 19 4c 89 6d c0 44
0x000001d22e6f59b8:   8b ea 0f b6 51 14 49 ba 60 35 f9 5d f9 7f 00 00
0x000001d22e6f59c8:   49 8b 14 d2 52 41 8b d5 4c 8b 6d c0 48 8b 45 d8
0x000001d22e6f59d8:   48 85 c0 0f 84 12 00 00 00 48 83 40 08 01 48 83
0x000001d22e6f59e8:   58 08 00 48 83 c0 10 48 89 45 d8 48 8b 45 d8 48
0x000001d22e6f59f8:   85 c0 0f 84 3d 01 00 00 80 78 f0 0a 0f 85 33 01
0x000001d22e6f5a08:   00 00 48 83 c0 08 4c 8b 68 f8 41 83 ed 00 41 83
0x000001d22e6f5a18:   fd 02 0f 8c 12 01 00 00 4c 8b 6b 08 45 0f b7 6d
0x000001d22e6f5a28:   2e 4c 2b 28 41 83 ed 01 4e 8b 6c ec 08 4d 85 ed
0x000001d22e6f5a38:   75 0e f6 40 08 01 75 58 f0 48 83 48 08 01 eb 50
0x000001d22e6f5a48:   45 8b 6d 08 49 ba 00 00 00 3e d2 01 00 00 4d 03
0x000001d22e6f5a58:   ea 4d 8b d5 4c 33 68 08 49 f7 c5 fc ff ff ff 74
0x000001d22e6f5a68:   2f 41 f6 c5 02 75 29 48 83 78 08 00 74 1e 48 83
0x000001d22e6f5a78:   78 08 01 74 17 4d 8b ea 4c 33 68 08 49 f7 c5 fc
0x000001d22e6f5a88:   ff ff ff 74 0b 48 83 48 08 02 eb 04 4c 89 68 08
0x000001d22e6f5a98:   48 83 c0 10 4c 8b 68 e8 41 83 ed 02 41 83 fd 02
0x000001d22e6f5aa8:   0f 8c 84 00 00 00 4c 8b 6b 08 45 0f b7 6d 2e 4c
0x000001d22e6f5ab8:   2b 28 41 83 ed 01 4e 8b 6c ec 08 4d 85 ed 75 0e
0x000001d22e6f5ac8:   f6 40 08 01 75 58 f0 48 83 48 08 01 eb 50 45 8b
0x000001d22e6f5ad8:   6d 08 49 ba 00 00 00 3e d2 01 00 00 4d 03 ea 4d
0x000001d22e6f5ae8:   8b d5 4c 33 68 08 49 f7 c5 fc ff ff ff 74 2f 41
0x000001d22e6f5af8:   f6 c5 02 75 29 48 83 78 08 00 74 1e 48 83 78 08
0x000001d22e6f5b08:   01 74 17 4d 8b ea 4c 33 68 08 49 f7 c5 fc ff ff
0x000001d22e6f5b18:   ff 74 0b 48 83 48 08 02 eb 04 4c 89 68 08 48 83
0x000001d22e6f5b28:   c0 10 4c 8b 68 d8 41 83 ed 04 41 c1 e5 03 49 03
0x000001d22e6f5b38:   c5 48 89 45 d8 4c 8d 6c 24 08 49 8b cd 48 2b cd 


Stack slot to memory mapping:

stack at sp + 0 slots: 0x000001d22e6d9054 is at code_begin+3476 in an Interpreter codelet
return entry points  [0x000001d22e6d82c0, 0x000001d22e6da4c0]  8704 bytes
stack at sp + 1 slots: 0x000000070bad6168 is an oop: com.codingshuttle.youtube.hospitalManagement.HospitalManagementApplication 
{0x000000070bad6168} - klass: 'com/codingshuttle/youtube/hospitalManagement/HospitalManagementApplication'
 - ---- fields (total size 2 words):
stack at sp + 2 slots: 0xfffffffffffffff7 is an unknown value
stack at sp + 3 slots: 0x000001d23e7f0d47 is pointing into metadata
stack at sp + 4 slots: 0x0000000000000004 is an unknown value
stack at sp + 5 slots: 0x000001d23e1e0ee8 is pointing into metadata
stack at sp + 6 slots: 0x000001d2003764d8 is pointing into metadata
stack at sp + 7 slots: 0x00000007fffac930 is an oop: java.lang.Class 
{0x00000007fffac930} - klass: 'java/lang/Class'
 - ---- fields (total size 14 words):
 - private volatile transient 'classRedefinedCount' 'I' @12  0 (0x00000000)
 - injected 'klass' 'J' @16  2002496916704 (0x000001d23e1e0ce0)
 - injected 'array_klass' 'J' @24  0 (0x0000000000000000)
 - injected 'oop_size' 'I' @32  14 (0x0000000e)
 - injected 'static_oop_field_count' 'I' @36  0 (0x00000000)
 - private volatile transient 'cachedConstructor' 'Ljava/lang/reflect/Constructor;' @40  null (0x00000000)
 - private transient 'name' 'Ljava/lang/String;' @44  "java.lang.invoke.DirectMethodHandle$Holder"{0x00000007fffac9a0} (0xffff5934)
 - private transient 'module' 'Ljava/lang/Module;' @48  a 'java/lang/Module'{0x00000007fff978e8} (0xffff2f1d)
 - private final 'classLoader' 'Ljava/lang/ClassLoader;' @52  null (0x00000000)
 - private transient 'classData' 'Ljava/lang/Object;' @56  null (0x00000000)
 - private transient 'packageName' 'Ljava/lang/String;' @60  null (0x00000000)
 - private final 'componentType' 'Ljava/lang/Class;' @64  null (0x00000000)
 - private volatile transient 'reflectionData' 'Ljava/lang/ref/SoftReference;' @68  null (0x00000000)
 - private volatile transient 'genericInfo' 'Lsun/reflect/generics/repository/ClassRepository;' @72  null (0x00000000)
 - private volatile transient 'enumConstants' '[Ljava/lang/Object;' @76  null (0x00000000)
 - private volatile transient 'enumConstantDirectory' 'Ljava/util/Map;' @80  null (0x00000000)
 - private volatile transient 'annotationData' 'Ljava/lang/Class$AnnotationData;' @84  null (0x00000000)
 - private volatile transient 'annotationType' 'Lsun/reflect/annotation/AnnotationType;' @88  null (0x00000000)
 - transient 'classValueMap' 'Ljava/lang/ClassValue$ClassValueMap;' @92  null (0x00000000)
 - injected 'protection_domain' 'Ljava/lang/Object;' @96  null (0x00000000)
 - injected 'signers_name' 'Ljava/lang/Object;' @100  null (0x00000000)
 - injected 'source_file' 'Ljava/lang/Object;' @104  null (0x00000000)
 - signature: Ljava/lang/invoke/DirectMethodHandle$Holder;
 - ---- static fields (0):

Lock stack of current Java thread (top to bottom):

invokestatic  184 invokestatic  [0x000001d22e6f57c0, 0x000001d22e6f5b60]  928 bytes
[MachCode]
  0x000001d22e6f57c0: 4883 ec08 | c5fa 1104 | 24eb 1f48 | 83ec 10c5 | fb11 0424 | eb14 4883 | ec10 4889 | 0424 48c7 
  0x000001d22e6f57e0: 4424 0800 | 0000 00eb | 0150 488b | 4dd0 410f | b755 0148 | 8b49 306b | d218 488d | 4c11 080f 
  0x000001d22e6f5800: b659 1681 | fbb8 0000 | 000f 8474 | 0100 00bb | b800 0000 | e805 0000 | 00e9 5001 | 0000 488b 
  0x000001d22e6f5820: d348 8d44 | 2408 4c89 | 6dc0 498b | cfc5 f877 | 4989 afb0 | 0300 0049 | 8987 a003 | 0000 4883 
  0x000001d22e6f5840: ec20 40f6 | c40f 0f84 | 1900 0000 | 4883 ec08 | 48b8 6051 | 6e5d f97f | 0000 ffd0 | 4883 c408 
  0x000001d22e6f5860: e90c 0000 | 0048 b860 | 516e 5df9 | 7f00 00ff | d048 83c4 | 2049 c787 | a003 0000 | 0000 0000 
  0x000001d22e6f5880: 49c7 87b0 | 0300 0000 | 0000 0049 | c787 a803 | 0000 0000 | 0000 c5f8 | 7741 8b8f | 2c05 0000 
  0x000001d22e6f58a0: f6c1 010f | 8442 0000 | 00f6 c102 | 0f85 3900 | 0000 4883 | ec20 40f6 | c40f 0f84 | 1900 0000 
  0x000001d22e6f58c0: 4883 ec08 | 48b8 10fc | 6d5d f97f | 0000 ffd0 | 4883 c408 | e90c 0000 | 0048 b810 | fc6d 5df9 
  0x000001d22e6f58e0: 7f00 00ff | d048 83c4 | 20ff e049 | 8b8f d805 | 0000 4885 | c90f 8455 | 0000 008b | 899c 0000 
  0x000001d22e6f5900: 0083 f901 | 0f85 4600 | 0000 498b | 8fd8 0500 | 008b 89a0 | 0000 0048 | 83ec 2040 | f6c4 0f0f 
  0x000001d22e6f5920: 8419 0000 | 0048 83ec | 0848 b800 | fc6d 5df9 | 7f00 00ff | d048 83c4 | 08e9 0c00 | 0000 48b8 
  0x000001d22e6f5940: 00fc 6d5d | f97f 0000 | ffd0 4883 | c420 ffe0 | 4983 7f08 | 000f 8405 | 0000 00e9 | 60b5 fdff 
  0x000001d22e6f5960: 4c8b 6dc0 | 4c8b 75c8 | 4e8d 74f5 | 00c3 488b | 4dd0 410f | b755 0148 | 8b49 306b | d218 488d 
  0x000001d22e6f5980: 4c11 0848 | 8b19 488b | 5b08 488b | 5b08 488b | 5b18 80bb | 3101 0000 | 040f 840d | 0000 004c 
  0x000001d22e6f59a0: 3bbb 3801 | 0000 0f85 | 63fe ffff | 0fb6 5115 | 488b 194c | 896d c044 | 8bea 0fb6 | 5114 49ba 
  0x000001d22e6f59c0: 6035 f95d | f97f 0000 | 498b 14d2 | 5241 8bd5 | 4c8b 6dc0 | 488b 45d8 | 4885 c00f | 8412 0000 
  0x000001d22e6f59e0: 0048 8340 | 0801 4883 | 5808 0048 | 83c0 1048 | 8945 d848 | 8b45 d848 | 85c0 0f84 | 3d01 0000 
  0x000001d22e6f5a00: 8078 f00a | 0f85 3301 | 0000 4883 | c008 4c8b | 68f8 4183 | ed00 4183 | fd02 0f8c | 1201 0000 
  0x000001d22e6f5a20: 4c8b 6b08 | 450f b76d | 2e4c 2b28 | 4183 ed01 | 4e8b 6cec | 084d 85ed | 750e f640 | 0801 7558 
  0x000001d22e6f5a40: f048 8348 | 0801 eb50 | 458b 6d08 | 49ba 0000 | 003e d201 | 0000 4d03 | ea4d 8bd5 | 4c33 6808 
  0x000001d22e6f5a60: 49f7 c5fc | ffff ff74 | 2f41 f6c5 | 0275 2948 | 8378 0800 | 741e 4883 | 7808 0174 | 174d 8bea 
  0x000001d22e6f5a80: 4c33 6808 | 49f7 c5fc | ffff ff74 | 0b48 8348 | 0802 eb04 | 4c89 6808 | 4883 c010 | 4c8b 68e8 
  0x000001d22e6f5aa0: 4183 ed02 | 4183 fd02 | 0f8c 8400 | 0000 4c8b | 6b08 450f | b76d 2e4c | 2b28 4183 | ed01 4e8b 
  0x000001d22e6f5ac0: 6cec 084d | 85ed 750e | f640 0801 | 7558 f048 | 8348 0801 | eb50 458b | 6d08 49ba | 0000 003e 
  0x000001d22e6f5ae0: d201 0000 | 4d03 ea4d | 8bd5 4c33 | 6808 49f7 | c5fc ffff | ff74 2f41 | f6c5 0275 | 2948 8378 
  0x000001d22e6f5b00: 0800 741e | 4883 7808 | 0174 174d | 8bea 4c33 | 6808 49f7 | c5fc ffff | ff74 0b48 | 8348 0802 
  0x000001d22e6f5b20: eb04 4c89 | 6808 4883 | c010 4c8b | 68d8 4183 | ed04 41c1 | e503 4903 | c548 8945 | d84c 8d6c 
  0x000001d22e6f5b40: 2408 498b | cd48 2bcd | 48c1 f903 | 4889 4df0 | 4180 bfe0 | 0500 0000 | 7403 ff63 | 38ff 6350 
[/MachCode]

---------------  P R O C E S S  ---------------

Threads class SMR info:
_java_thread_list=0x000001d205d76230, length=15, elements={
0x000001d21c76f7b0, 0x000001d23d8e7cb0, 0x000001d23d8e8970, 0x000001d23d8ebcc0,
0x000001d23d8ee530, 0x000001d23d8eec90, 0x000001d23d8f8410, 0x000001d23d8f8fd0,
0x000001d23d8fe860, 0x000001d27f112160, 0x000001d27f2bd290, 0x000001d27f2564c0,
0x000001d27f29bfb0, 0x000001d206b0ee20, 0x000001d206b0d3e0
}

Java Threads: ( => current thread )
=>0x000001d21c76f7b0 JavaThread "main"                              [_thread_in_Java, id=32176, stack(0x0000001d7dc00000,0x0000001d7dd00000) (1024K)]
  0x000001d23d8e7cb0 JavaThread "Reference Handler"          daemon [_thread_blocked, id=35204, stack(0x0000001d7e400000,0x0000001d7e500000) (1024K)]
  0x000001d23d8e8970 JavaThread "Finalizer"                  daemon [_thread_blocked, id=35608, stack(0x0000001d7e500000,0x0000001d7e600000) (1024K)]
  0x000001d23d8ebcc0 JavaThread "Signal Dispatcher"          daemon [_thread_blocked, id=31304, stack(0x0000001d7e600000,0x0000001d7e700000) (1024K)]
  0x000001d23d8ee530 JavaThread "Attach Listener"            daemon [_thread_blocked, id=32668, stack(0x0000001d7e700000,0x0000001d7e800000) (1024K)]
  0x000001d23d8eec90 JavaThread "Service Thread"             daemon [_thread_blocked, id=19184, stack(0x0000001d7e800000,0x0000001d7e900000) (1024K)]
  0x000001d23d8f8410 JavaThread "Monitor Deflation Thread"   daemon [_thread_blocked, id=27008, stack(0x0000001d7e900000,0x0000001d7ea00000) (1024K)]
  0x000001d23d8f8fd0 JavaThread "C2 CompilerThread0"         daemon [_thread_blocked, id=35636, stack(0x0000001d7ea00000,0x0000001d7eb00000) (1024K)]
  0x000001d23d8fe860 JavaThread "C1 CompilerThread0"         daemon [_thread_blocked, id=13592, stack(0x0000001d7eb00000,0x0000001d7ec00000) (1024K)]
  0x000001d27f112160 JavaThread "Common-Cleaner"             daemon [_thread_blocked, id=11428, stack(0x0000001d7ec00000,0x0000001d7ed00000) (1024K)]
  0x000001d27f2bd290 JavaThread "JDWP Transport Listener: dt_socket" daemon [_thread_blocked, id=26684, stack(0x0000001d7ed00000,0x0000001d7ee00000) (1024K)]
  0x000001d27f2564c0 JavaThread "JDWP Event Helper Thread"   daemon [_thread_blocked, id=30032, stack(0x0000001d7ee00000,0x0000001d7ef00000) (1024K)]
  0x000001d27f29bfb0 JavaThread "Notification Thread"        daemon [_thread_blocked, id=6064, stack(0x0000001d7f000000,0x0000001d7f100000) (1024K)]
  0x000001d206b0ee20 JavaThread "PostgreSQL-JDBC-Cleaner"    daemon [_thread_blocked, id=35816, stack(0x0000001d7fb00000,0x0000001d7fc00000) (1024K)]
  0x000001d206b0d3e0 JavaThread "HikariPool-1:housekeeper"   daemon [_thread_blocked, id=32128, stack(0x0000001d7fd00000,0x0000001d7fe00000) (1024K)]
Total: 15

Other Threads:
  0x000001d23d8d0d10 VMThread "VM Thread"                           [id=37340, stack(0x0000001d7e300000,0x0000001d7e400000) (1024K)] _threads_hazard_ptr=0x000001d205d76230
  0x000001d23d8bd130 WatcherThread "VM Periodic Task Thread"        [id=34988, stack(0x0000001d7e200000,0x0000001d7e300000) (1024K)]
  0x000001d21eae7180 WorkerThread "GC Thread#0"                     [id=33952, stack(0x0000001d7dd00000,0x0000001d7de00000) (1024K)]
  0x000001d27fb95560 WorkerThread "GC Thread#1"                     [id=11940, stack(0x0000001d7f300000,0x0000001d7f400000) (1024K)]
  0x000001d2045a57d0 WorkerThread "GC Thread#2"                     [id=26972, stack(0x0000001d7f400000,0x0000001d7f500000) (1024K)]
  0x000001d2045a5b80 WorkerThread "GC Thread#3"                     [id=37372, stack(0x0000001d7f500000,0x0000001d7f600000) (1024K)]
  0x000001d2045a5f30 WorkerThread "GC Thread#4"                     [id=28856, stack(0x0000001d7f600000,0x0000001d7f700000) (1024K)]
  0x000001d2045a6f00 WorkerThread "GC Thread#5"                     [id=7020, stack(0x0000001d7f700000,0x0000001d7f800000) (1024K)]
  0x000001d2045c8a90 WorkerThread "GC Thread#6"                     [id=16296, stack(0x0000001d7f800000,0x0000001d7f900000) (1024K)]
  0x000001d20459cd60 WorkerThread "GC Thread#7"                     [id=30732, stack(0x0000001d7f900000,0x0000001d7fa00000) (1024K)]
  0x000001d21eafbd30 ConcurrentGCThread "G1 Main Marker"            [id=35848, stack(0x0000001d7de00000,0x0000001d7df00000) (1024K)]
  0x000001d21eafd200 WorkerThread "G1 Conc#0"                       [id=23684, stack(0x0000001d7df00000,0x0000001d7e000000) (1024K)]
  0x000001d20477b610 WorkerThread "G1 Conc#1"                       [id=30228, stack(0x0000001d7fc00000,0x0000001d7fd00000) (1024K)]
  0x000001d21eb2e650 ConcurrentGCThread "G1 Refine#0"               [id=17492, stack(0x0000001d7e000000,0x0000001d7e100000) (1024K)]
  0x000001d23d793080 ConcurrentGCThread "G1 Service"                [id=19312, stack(0x0000001d7e100000,0x0000001d7e200000) (1024K)]
Total: 15

Threads with active compile tasks:
Total: 0

VM state: synchronizing (normal execution)

VM Mutex/Monitor currently owned by a thread:  ([mutex/lock_event])
[0x00007ff95df83910] Threads_lock - owner thread: 0x000001d23d8d0d10

Heap address: 0x0000000703a00000, size: 4038 MB, Compressed Oops mode: Zero based, Oop shift amount: 3

CDS archive(s) mapped at: [0x000001d23e000000-0x000001d23ed70000-0x000001d23ed70000), size 14090240, SharedBaseAddress: 0x000001d23e000000, ArchiveRelocationMode: 1.
Compressed class space mapped at: 0x000001d23f000000-0x000001d27f000000, reserved size: 1073741824
Narrow klass base: 0x000001d23e000000, Narrow klass shift: 0, Narrow klass range: 0x41000000

GC Precious Log:
 CardTable entry size: 512
 Card Set container configuration: InlinePtr #cards 4 size 8 Array Of Cards #cards 16 size 48 Howl #buckets 8 coarsen threshold 3686 Howl Bitmap #cards 512 size 80 coarsen threshold 460 Card regions per heap region 1 cards per card region 4096
 CPUs: 8 total, 8 available
 Memory: 16149M
 Large Page Support: Disabled
 NUMA Support: Disabled
 Compressed Oops: Enabled (Zero based)
 Heap Region Size: 2M
 Heap Min Capacity: 8M
 Heap Initial Capacity: 254M
 Heap Max Capacity: 4038M
 Pre-touch: Disabled
 Parallel Workers: 8
 Concurrent Workers: 2
 Concurrent Refinement Workers: 8
 Periodic GC: Disabled

Heap:
 garbage-first heap   total reserved 4134912K, committed 159744K, used 46438K [0x0000000703a00000, 0x0000000800000000)
  region size 2048K, 15 young (30720K), 2 survivors (4096K)
 Metaspace       used 55067K, committed 55616K, reserved 1114112K
  class space    used 7720K, committed 7936K, reserved 1048576K

Heap Regions: E=young(eden), S=young(survivor), O=old, HS=humongous(starts), HC=humongous(continues), CS=collection set, F=free, TAMS=top-at-mark-start, PB=parsable bottom
|   0|0x0000000703a00000, 0x0000000703c00000, 0x0000000703c00000|100%| O|  |TAMS 0x0000000703a00000| PB 0x0000000703a00000| Untracked |  0
|   1|0x0000000703c00000, 0x0000000703e00000, 0x0000000703e00000|100%| O|  |TAMS 0x0000000703c00000| PB 0x0000000703c00000| Untracked |  0
|   2|0x0000000703e00000, 0x0000000704000000, 0x0000000704000000|100%| O|  |TAMS 0x0000000703e00000| PB 0x0000000703e00000| Untracked |  0
|   3|0x0000000704000000, 0x0000000704000000, 0x0000000704200000|  0%| F|  |TAMS 0x0000000704000000| PB 0x0000000704000000| Untracked |  0
|   4|0x0000000704200000, 0x0000000704400000, 0x0000000704400000|100%| O|  |TAMS 0x0000000704200000| PB 0x0000000704200000| Untracked |  0
|   5|0x0000000704400000, 0x0000000704600000, 0x0000000704600000|100%| O|  |TAMS 0x0000000704400000| PB 0x0000000704400000| Untracked |  0
|   6|0x0000000704600000, 0x0000000704800000, 0x0000000704800000|100%| O|  |TAMS 0x0000000704600000| PB 0x0000000704600000| Untracked |  0
|   7|0x0000000704800000, 0x0000000704a00000, 0x0000000704a00000|100%| O|  |TAMS 0x0000000704800000| PB 0x0000000704800000| Untracked |  0
|   8|0x0000000704a00000, 0x0000000704c00000, 0x0000000704c00000|100%| O|  |TAMS 0x0000000704a00000| PB 0x0000000704a00000| Untracked |  0
|   9|0x0000000704c00000, 0x0000000704c270c0, 0x0000000704e00000|  7%| O|  |TAMS 0x0000000704c00000| PB 0x0000000704c00000| Untracked |  0
|  10|0x0000000704e00000, 0x0000000704e00000, 0x0000000705000000|  0%| F|  |TAMS 0x0000000704e00000| PB 0x0000000704e00000| Untracked |  0
|  11|0x0000000705000000, 0x0000000705000000, 0x0000000705200000|  0%| F|  |TAMS 0x0000000705000000| PB 0x0000000705000000| Untracked |  0
|  12|0x0000000705200000, 0x0000000705200000, 0x0000000705400000|  0%| F|  |TAMS 0x0000000705200000| PB 0x0000000705200000| Untracked |  0
|  13|0x0000000705400000, 0x00000007055327c0, 0x0000000705600000| 59%| S|CS|TAMS 0x0000000705400000| PB 0x0000000705400000| Complete |  0
|  14|0x0000000705600000, 0x0000000705800000, 0x0000000705800000|100%| S|CS|TAMS 0x0000000705600000| PB 0x0000000705600000| Complete |  0
|  15|0x0000000705800000, 0x0000000705800000, 0x0000000705a00000|  0%| F|  |TAMS 0x0000000705800000| PB 0x0000000705800000| Untracked |  0
|  16|0x0000000705a00000, 0x0000000705a00000, 0x0000000705c00000|  0%| F|  |TAMS 0x0000000705a00000| PB 0x0000000705a00000| Untracked |  0
|  17|0x0000000705c00000, 0x0000000705c00000, 0x0000000705e00000|  0%| F|  |TAMS 0x0000000705c00000| PB 0x0000000705c00000| Untracked |  0
|  18|0x0000000705e00000, 0x0000000705e00000, 0x0000000706000000|  0%| F|  |TAMS 0x0000000705e00000| PB 0x0000000705e00000| Untracked |  0
|  19|0x0000000706000000, 0x0000000706000000, 0x0000000706200000|  0%| F|  |TAMS 0x0000000706000000| PB 0x0000000706000000| Untracked |  0
|  20|0x0000000706200000, 0x0000000706200000, 0x0000000706400000|  0%| F|  |TAMS 0x0000000706200000| PB 0x0000000706200000| Untracked |  0
|  21|0x0000000706400000, 0x0000000706400000, 0x0000000706600000|  0%| F|  |TAMS 0x0000000706400000| PB 0x0000000706400000| Untracked |  0
|  22|0x0000000706600000, 0x0000000706600000, 0x0000000706800000|  0%| F|  |TAMS 0x0000000706600000| PB 0x0000000706600000| Untracked |  0
|  23|0x0000000706800000, 0x0000000706800000, 0x0000000706a00000|  0%| F|  |TAMS 0x0000000706800000| PB 0x0000000706800000| Untracked |  0
|  24|0x0000000706a00000, 0x0000000706a00000, 0x0000000706c00000|  0%| F|  |TAMS 0x0000000706a00000| PB 0x0000000706a00000| Untracked |  0
|  25|0x0000000706c00000, 0x0000000706c00000, 0x0000000706e00000|  0%| F|  |TAMS 0x0000000706c00000| PB 0x0000000706c00000| Untracked |  0
|  26|0x0000000706e00000, 0x0000000706e00000, 0x0000000707000000|  0%| F|  |TAMS 0x0000000706e00000| PB 0x0000000706e00000| Untracked |  0
|  27|0x0000000707000000, 0x0000000707000000, 0x0000000707200000|  0%| F|  |TAMS 0x0000000707000000| PB 0x0000000707000000| Untracked |  0
|  28|0x0000000707200000, 0x0000000707200000, 0x0000000707400000|  0%| F|  |TAMS 0x0000000707200000| PB 0x0000000707200000| Untracked |  0
|  29|0x0000000707400000, 0x0000000707400000, 0x0000000707600000|  0%| F|  |TAMS 0x0000000707400000| PB 0x0000000707400000| Untracked |  0
|  30|0x0000000707600000, 0x0000000707600000, 0x0000000707800000|  0%| F|  |TAMS 0x0000000707600000| PB 0x0000000707600000| Untracked |  0
|  31|0x0000000707800000, 0x0000000707800000, 0x0000000707a00000|  0%| F|  |TAMS 0x0000000707800000| PB 0x0000000707800000| Untracked |  0
|  32|0x0000000707a00000, 0x0000000707a00000, 0x0000000707c00000|  0%| F|  |TAMS 0x0000000707a00000| PB 0x0000000707a00000| Untracked |  0
|  33|0x0000000707c00000, 0x0000000707c00000, 0x0000000707e00000|  0%| F|  |TAMS 0x0000000707c00000| PB 0x0000000707c00000| Untracked |  0
|  34|0x0000000707e00000, 0x0000000707e00000, 0x0000000708000000|  0%| F|  |TAMS 0x0000000707e00000| PB 0x0000000707e00000| Untracked |  0
|  35|0x0000000708000000, 0x0000000708000000, 0x0000000708200000|  0%| F|  |TAMS 0x0000000708000000| PB 0x0000000708000000| Untracked |  0
|  36|0x0000000708200000, 0x0000000708200000, 0x0000000708400000|  0%| F|  |TAMS 0x0000000708200000| PB 0x0000000708200000| Untracked |  0
|  37|0x0000000708400000, 0x0000000708400000, 0x0000000708600000|  0%| F|  |TAMS 0x0000000708400000| PB 0x0000000708400000| Untracked |  0
|  38|0x0000000708600000, 0x0000000708600000, 0x0000000708800000|  0%| F|  |TAMS 0x0000000708600000| PB 0x0000000708600000| Untracked |  0
|  39|0x0000000708800000, 0x0000000708800000, 0x0000000708a00000|  0%| F|  |TAMS 0x0000000708800000| PB 0x0000000708800000| Untracked |  0
|  40|0x0000000708a00000, 0x0000000708a00000, 0x0000000708c00000|  0%| F|  |TAMS 0x0000000708a00000| PB 0x0000000708a00000| Untracked |  0
|  41|0x0000000708c00000, 0x0000000708c00000, 0x0000000708e00000|  0%| F|  |TAMS 0x0000000708c00000| PB 0x0000000708c00000| Untracked |  0
|  42|0x0000000708e00000, 0x0000000708e00000, 0x0000000709000000|  0%| F|  |TAMS 0x0000000708e00000| PB 0x0000000708e00000| Untracked |  0
|  43|0x0000000709000000, 0x0000000709000000, 0x0000000709200000|  0%| F|  |TAMS 0x0000000709000000| PB 0x0000000709000000| Untracked |  0
|  44|0x0000000709200000, 0x0000000709200000, 0x0000000709400000|  0%| F|  |TAMS 0x0000000709200000| PB 0x0000000709200000| Untracked |  0
|  45|0x0000000709400000, 0x0000000709400000, 0x0000000709600000|  0%| F|  |TAMS 0x0000000709400000| PB 0x0000000709400000| Untracked |  0
|  46|0x0000000709600000, 0x0000000709600000, 0x0000000709800000|  0%| F|  |TAMS 0x0000000709600000| PB 0x0000000709600000| Untracked |  0
|  47|0x0000000709800000, 0x0000000709800000, 0x0000000709a00000|  0%| F|  |TAMS 0x0000000709800000| PB 0x0000000709800000| Untracked |  0
|  48|0x0000000709a00000, 0x0000000709a00000, 0x0000000709c00000|  0%| F|  |TAMS 0x0000000709a00000| PB 0x0000000709a00000| Untracked |  0
|  49|0x0000000709c00000, 0x0000000709c00000, 0x0000000709e00000|  0%| F|  |TAMS 0x0000000709c00000| PB 0x0000000709c00000| Untracked |  0
|  50|0x0000000709e00000, 0x0000000709e00000, 0x000000070a000000|  0%| F|  |TAMS 0x0000000709e00000| PB 0x0000000709e00000| Untracked |  0
|  51|0x000000070a000000, 0x000000070a000000, 0x000000070a200000|  0%| F|  |TAMS 0x000000070a000000| PB 0x000000070a000000| Untracked |  0
|  52|0x000000070a200000, 0x000000070a200000, 0x000000070a400000|  0%| F|  |TAMS 0x000000070a200000| PB 0x000000070a200000| Untracked |  0
|  53|0x000000070a400000, 0x000000070a400000, 0x000000070a600000|  0%| F|  |TAMS 0x000000070a400000| PB 0x000000070a400000| Untracked |  0
|  54|0x000000070a600000, 0x000000070a600000, 0x000000070a800000|  0%| F|  |TAMS 0x000000070a600000| PB 0x000000070a600000| Untracked |  0
|  55|0x000000070a800000, 0x000000070a800000, 0x000000070aa00000|  0%| F|  |TAMS 0x000000070a800000| PB 0x000000070a800000| Untracked |  0
|  56|0x000000070aa00000, 0x000000070aa00000, 0x000000070ac00000|  0%| F|  |TAMS 0x000000070aa00000| PB 0x000000070aa00000| Untracked |  0
|  57|0x000000070ac00000, 0x000000070ac00000, 0x000000070ae00000|  0%| F|  |TAMS 0x000000070ac00000| PB 0x000000070ac00000| Untracked |  0
|  58|0x000000070ae00000, 0x000000070ae00000, 0x000000070b000000|  0%| F|  |TAMS 0x000000070ae00000| PB 0x000000070ae00000| Untracked |  0
|  59|0x000000070b000000, 0x000000070b000000, 0x000000070b200000|  0%| F|  |TAMS 0x000000070b000000| PB 0x000000070b000000| Untracked |  0
|  60|0x000000070b200000, 0x000000070b200000, 0x000000070b400000|  0%| F|  |TAMS 0x000000070b200000| PB 0x000000070b200000| Untracked |  0
|  61|0x000000070b400000, 0x000000070b400000, 0x000000070b600000|  0%| F|  |TAMS 0x000000070b400000| PB 0x000000070b400000| Untracked |  0
|  62|0x000000070b600000, 0x000000070b600000, 0x000000070b800000|  0%| F|  |TAMS 0x000000070b600000| PB 0x000000070b600000| Untracked |  0
|  63|0x000000070b800000, 0x000000070b800000, 0x000000070ba00000|  0%| F|  |TAMS 0x000000070b800000| PB 0x000000070b800000| Untracked |  0
|  64|0x000000070ba00000, 0x000000070bb3a7e8, 0x000000070bc00000| 61%| E|  |TAMS 0x000000070ba00000| PB 0x000000070ba00000| Complete |  0
|  65|0x000000070bc00000, 0x000000070be00000, 0x000000070be00000|100%| E|CS|TAMS 0x000000070bc00000| PB 0x000000070bc00000| Complete |  0
|  66|0x000000070be00000, 0x000000070c000000, 0x000000070c000000|100%| E|CS|TAMS 0x000000070be00000| PB 0x000000070be00000| Complete |  0
|  67|0x000000070c000000, 0x000000070c200000, 0x000000070c200000|100%| E|CS|TAMS 0x000000070c000000| PB 0x000000070c000000| Complete |  0
|  68|0x000000070c200000, 0x000000070c400000, 0x000000070c400000|100%| E|CS|TAMS 0x000000070c200000| PB 0x000000070c200000| Complete |  0
|  69|0x000000070c400000, 0x000000070c600000, 0x000000070c600000|100%| E|CS|TAMS 0x000000070c400000| PB 0x000000070c400000| Complete |  0
|  70|0x000000070c600000, 0x000000070c800000, 0x000000070c800000|100%| E|CS|TAMS 0x000000070c600000| PB 0x000000070c600000| Complete |  0
|  71|0x000000070c800000, 0x000000070ca00000, 0x000000070ca00000|100%| E|CS|TAMS 0x000000070c800000| PB 0x000000070c800000| Complete |  0
|  95|0x000000070f800000, 0x000000070fa00000, 0x000000070fa00000|100%| E|CS|TAMS 0x000000070f800000| PB 0x000000070f800000| Complete |  0
|  96|0x000000070fa00000, 0x000000070fc00000, 0x000000070fc00000|100%| E|CS|TAMS 0x000000070fa00000| PB 0x000000070fa00000| Complete |  0
|  97|0x000000070fc00000, 0x000000070fe00000, 0x000000070fe00000|100%| E|CS|TAMS 0x000000070fc00000| PB 0x000000070fc00000| Complete |  0
| 125|0x0000000713400000, 0x0000000713600000, 0x0000000713600000|100%| E|CS|TAMS 0x0000000713400000| PB 0x0000000713400000| Complete |  0
| 126|0x0000000713600000, 0x0000000713800000, 0x0000000713800000|100%| E|CS|TAMS 0x0000000713600000| PB 0x0000000713600000| Complete |  0
|2018|0x00000007ffe00000, 0x0000000800000000, 0x0000000800000000|100%| O|  |TAMS 0x00000007ffe00000| PB 0x00000007ffe00000| Untracked |  0

Card table byte_map: [0x000001d236dd0000,0x000001d2375c0000] _byte_map_base: 0x000001d2335b3000

Marking Bits: (CMBitMap*) 0x000001d21eae7890
 Bits: [0x000001d2375c0000, 0x000001d23b4d8000)

Polling page: 0x000001d21c8b0000

Metaspace:

Usage:
  Non-class:     46.24 MB used.
      Class:      7.54 MB used.
       Both:     53.78 MB used.

Virtual space:
  Non-class space:       64.00 MB reserved,      46.56 MB ( 73%) committed,  1 nodes.
      Class space:        1.00 GB reserved,       7.75 MB ( <1%) committed,  1 nodes.
             Both:        1.06 GB reserved,      54.31 MB (  5%) committed. 

Chunk freelists:
   Non-Class:  1.03 MB
       Class:  8.19 MB
        Both:  9.22 MB

MaxMetaspaceSize: unlimited
CompressedClassSpaceSize: 1.00 GB
Initial GC threshold: 21.00 MB
Current GC threshold: 59.19 MB
CDS: on
 - commit_granule_bytes: 65536.
 - commit_granule_words: 8192.
 - virtual_space_node_default_size: 8388608.
 - enlarge_chunks_in_place: 1.
 - use_allocation_guard: 0.


Internal statistics:

num_allocs_failed_limit: 6.
num_arena_births: 690.
num_arena_deaths: 0.
num_vsnodes_births: 2.
num_vsnodes_deaths: 0.
num_space_committed: 869.
num_space_uncommitted: 0.
num_chunks_returned_to_freelist: 6.
num_chunks_taken_from_freelist: 2642.
num_chunk_merges: 6.
num_chunk_splits: 1881.
num_chunks_enlarged: 1465.
num_inconsistent_stats: 0.

CodeHeap 'non-profiled nmethods': size=120064Kb used=2501Kb max_used=2501Kb free=117562Kb
 bounds [0x000001d22ec60000, 0x000001d22eee0000, 0x000001d2361a0000]
CodeHeap 'profiled nmethods': size=120000Kb used=7497Kb max_used=7497Kb free=112502Kb
 bounds [0x000001d2271a0000, 0x000001d227900000, 0x000001d22e6d0000]
CodeHeap 'non-nmethods': size=5696Kb used=1852Kb max_used=1870Kb free=3843Kb
 bounds [0x000001d22e6d0000, 0x000001d22e940000, 0x000001d22ec60000]
CodeCache: size=245760Kb, used=11850Kb, max_used=11868Kb, free=233907Kb
 total_blobs=5394, nmethods=4704, adapters=594, full_count=0
Compilation: enabled, stopped_count=0, restarted_count=0

Compilation events (20 events):
Event: 4.659 Thread 0x000001d23d8fe860 5023       1       org.postgresql.core.Field::getFormat (5 bytes)
Event: 4.659 Thread 0x000001d23d8fe860 nmethod 5023 0x000001d22eed0308 code [0x000001d22eed0420, 0x000001d22eed04e8]
Event: 4.659 Thread 0x000001d23d8fe860 5024       1       org.hibernate.mapping.BasicValue::getResolution (5 bytes)
Event: 4.659 Thread 0x000001d23d8fe860 nmethod 5024 0x000001d22eed0608 code [0x000001d22eed0720, 0x000001d22eed07f0]
Event: 4.659 Thread 0x000001d23d8fe860 5025       3       java.lang.invoke.LambdaForm::editor (5 bytes)
Event: 4.659 Thread 0x000001d23d8fe860 nmethod 5025 0x000001d2278f0288 code [0x000001d2278f03c0, 0x000001d2278f06f0]
Event: 4.662 Thread 0x000001d23d8fe860 5026       3       java.lang.PublicMethods$Key::equals (50 bytes)
Event: 4.662 Thread 0x000001d23d8fe860 nmethod 5026 0x000001d2278f0788 code [0x000001d2278f08c0, 0x000001d2278f0cd8]
Event: 4.663 Thread 0x000001d23d8fe860 5027       3       jdk.internal.classfile.impl.BufWriterImpl::writeList (47 bytes)
Event: 4.663 Thread 0x000001d27f309a20 5028       4       jdk.internal.classfile.impl.StackCounter::next (68 bytes)
Event: 4.663 Thread 0x000001d23d8fe860 nmethod 5027 0x000001d2278f0d08 code [0x000001d2278f0ea0, 0x000001d2278f15e8]
Event: 4.663 Thread 0x000001d27f39f4f0 5029   !   4       java.nio.ByteBuffer::wrap (21 bytes)
Event: 4.666 Thread 0x000001d23d8fe860 5030       3       java.lang.invoke.DirectMethodHandle::rebind (5 bytes)
Event: 4.666 Thread 0x000001d23d8fe860 nmethod 5030 0x000001d2278f1608 code [0x000001d2278f1720, 0x000001d2278f1860]
Event: 4.667 Thread 0x000001d23d8fe860 5031       3       org.springframework.beans.factory.support.AbstractBeanFactory$$Lambda/0x000001d23f3df2f0::accept (16 bytes)
Event: 4.667 Thread 0x000001d23d8fe860 nmethod 5031 0x000001d2278f1908 code [0x000001d2278f1a60, 0x000001d2278f2068]
Event: 4.667 Thread 0x000001d23d8fe860 5032       3       org.springframework.beans.factory.support.AbstractBeanFactory::lambda$clearMetadataCache$3 (14 bytes)
Event: 4.667 Thread 0x000001d23d8fe860 nmethod 5032 0x000001d2278f2108 code [0x000001d2278f2240, 0x000001d2278f25d8]
Event: 4.668 Thread 0x000001d27f39f4f0 nmethod 5029 0x000001d22eed0908 code [0x000001d22eed0a20, 0x000001d22eed0d58]
Event: 4.672 Thread 0x000001d27f309a20 nmethod 5028 0x000001d22eed0e08 code [0x000001d22eed0f40, 0x000001d22eed1530]

GC Heap History (18 events):
Event: 0.710 GC heap before
{Heap before GC invocations=0 (full 0):
 garbage-first heap   total reserved 4134912K, committed 260096K, used 22528K [0x0000000703a00000, 0x0000000800000000)
  region size 2048K, 12 young (24576K), 0 survivors (0K)
 Metaspace       used 4049K, committed 4224K, reserved 1114112K
  class space    used 497K, committed 576K, reserved 1048576K
}
Event: 0.714 GC heap after
{Heap after GC invocations=1 (full 0):
 garbage-first heap   total reserved 4134912K, committed 260096K, used 7504K [0x0000000703a00000, 0x0000000800000000)
  region size 2048K, 2 young (4096K), 2 survivors (4096K)
 Metaspace       used 4049K, committed 4224K, reserved 1114112K
  class space    used 497K, committed 576K, reserved 1048576K
}
Event: 1.128 GC heap before
{Heap before GC invocations=1 (full 0):
 garbage-first heap   total reserved 4134912K, committed 260096K, used 27984K [0x0000000703a00000, 0x0000000800000000)
  region size 2048K, 12 young (24576K), 2 survivors (4096K)
 Metaspace       used 8605K, committed 8832K, reserved 1114112K
  class space    used 1103K, committed 1216K, reserved 1048576K
}
Event: 1.131 GC heap after
{Heap after GC invocations=2 (full 0):
 garbage-first heap   total reserved 4134912K, committed 260096K, used 9072K [0x0000000703a00000, 0x0000000800000000)
  region size 2048K, 1 young (2048K), 1 survivors (2048K)
 Metaspace       used 8605K, committed 8832K, reserved 1114112K
  class space    used 1103K, committed 1216K, reserved 1048576K
}
Event: 1.864 GC heap before
{Heap before GC invocations=2 (full 0):
 garbage-first heap   total reserved 4134912K, committed 260096K, used 62320K [0x0000000703a00000, 0x0000000800000000)
  region size 2048K, 29 young (59392K), 1 survivors (2048K)
 Metaspace       used 21207K, committed 21504K, reserved 1114112K
  class space    used 2748K, committed 2880K, reserved 1048576K
}
Event: 1.868 GC heap after
{Heap after GC invocations=3 (full 0):
 garbage-first heap   total reserved 4134912K, committed 260096K, used 13152K [0x0000000703a00000, 0x0000000800000000)
  region size 2048K, 3 young (6144K), 3 survivors (6144K)
 Metaspace       used 21207K, committed 21504K, reserved 1114112K
  class space    used 2748K, committed 2880K, reserved 1048576K
}
Event: 2.403 GC heap before
{Heap before GC invocations=4 (full 0):
 garbage-first heap   total reserved 4134912K, committed 49152K, used 47968K [0x0000000703a00000, 0x0000000800000000)
  region size 2048K, 20 young (40960K), 3 survivors (6144K)
 Metaspace       used 25772K, committed 26176K, reserved 1114112K
  class space    used 3369K, committed 3520K, reserved 1048576K
}
Event: 2.410 GC heap after
{Heap after GC invocations=5 (full 0):
 garbage-first heap   total reserved 4134912K, committed 59392K, used 16495K [0x0000000703a00000, 0x0000000800000000)
  region size 2048K, 4 young (8192K), 4 survivors (8192K)
 Metaspace       used 25772K, committed 26176K, reserved 1114112K
  class space    used 3369K, committed 3520K, reserved 1048576K
}
Event: 2.898 GC heap before
{Heap before GC invocations=5 (full 0):
 garbage-first heap   total reserved 4134912K, committed 59392K, used 41071K [0x0000000703a00000, 0x0000000800000000)
  region size 2048K, 16 young (32768K), 4 survivors (8192K)
 Metaspace       used 28994K, committed 29376K, reserved 1114112K
  class space    used 3869K, committed 4032K, reserved 1048576K
}
Event: 2.910 GC heap after
{Heap after GC invocations=6 (full 0):
 garbage-first heap   total reserved 4134912K, committed 59392K, used 18215K [0x0000000703a00000, 0x0000000800000000)
  region size 2048K, 2 young (4096K), 2 survivors (4096K)
 Metaspace       used 28994K, committed 29376K, reserved 1114112K
  class space    used 3869K, committed 4032K, reserved 1048576K
}
Event: 3.244 GC heap before
{Heap before GC invocations=6 (full 0):
 garbage-first heap   total reserved 4134912K, committed 59392K, used 40743K [0x0000000703a00000, 0x0000000800000000)
  region size 2048K, 14 young (28672K), 2 survivors (4096K)
 Metaspace       used 34243K, committed 34752K, reserved 1114112K
  class space    used 4627K, committed 4864K, reserved 1048576K
}
Event: 3.249 GC heap after
{Heap after GC invocations=7 (full 0):
 garbage-first heap   total reserved 4134912K, committed 59392K, used 19149K [0x0000000703a00000, 0x0000000800000000)
  region size 2048K, 1 young (2048K), 1 survivors (2048K)
 Metaspace       used 34243K, committed 34752K, reserved 1114112K
  class space    used 4627K, committed 4864K, reserved 1048576K
}
Event: 3.360 GC heap before
{Heap before GC invocations=7 (full 0):
 garbage-first heap   total reserved 4134912K, committed 59392K, used 27341K [0x0000000703a00000, 0x0000000800000000)
  region size 2048K, 6 young (12288K), 1 survivors (2048K)
 Metaspace       used 35750K, committed 36160K, reserved 1114112K
  class space    used 4927K, committed 5120K, reserved 1048576K
}
Event: 3.363 GC heap after
{Heap after GC invocations=8 (full 0):
 garbage-first heap   total reserved 4134912K, committed 59392K, used 19143K [0x0000000703a00000, 0x0000000800000000)
  region size 2048K, 1 young (2048K), 1 survivors (2048K)
 Metaspace       used 35750K, committed 36160K, reserved 1114112K
  class space    used 4927K, committed 5120K, reserved 1048576K
}
Event: 3.931 GC heap before
{Heap before GC invocations=9 (full 0):
 garbage-first heap   total reserved 4134912K, committed 59392K, used 45767K [0x0000000703a00000, 0x0000000800000000)
  region size 2048K, 15 young (30720K), 1 survivors (2048K)
 Metaspace       used 43171K, committed 43648K, reserved 1114112K
  class space    used 5908K, committed 6144K, reserved 1048576K
}
Event: 3.937 GC heap after
{Heap after GC invocations=10 (full 0):
 garbage-first heap   total reserved 4134912K, committed 59392K, used 20861K [0x0000000703a00000, 0x0000000800000000)
  region size 2048K, 2 young (4096K), 2 survivors (4096K)
 Metaspace       used 43171K, committed 43648K, reserved 1114112K
  class space    used 5908K, committed 6144K, reserved 1048576K
}
Event: 4.322 GC heap before
{Heap before GC invocations=10 (full 0):
 garbage-first heap   total reserved 4134912K, committed 59392K, used 45437K [0x0000000703a00000, 0x0000000800000000)
  region size 2048K, 15 young (30720K), 2 survivors (4096K)
 Metaspace       used 49835K, committed 50304K, reserved 1114112K
  class space    used 6839K, committed 7040K, reserved 1048576K
}
Event: 4.331 GC heap after
{Heap after GC invocations=11 (full 0):
 garbage-first heap   total reserved 4134912K, committed 159744K, used 21862K [0x0000000703a00000, 0x0000000800000000)
  region size 2048K, 2 young (4096K), 2 survivors (4096K)
 Metaspace       used 49835K, committed 50304K, reserved 1114112K
  class space    used 6839K, committed 7040K, reserved 1048576K
}

Dll operation events (13 events):
Event: 0.009 Loaded shared library C:\Users\pa211\.jdks\openjdk-23\bin\java.dll
Event: 0.010 Loaded shared library C:\Users\pa211\.jdks\openjdk-23\bin\zip.dll
Event: 0.041 Loaded shared library C:\Users\pa211\.jdks\openjdk-23\bin\jsvml.dll
Event: 0.178 Loaded shared library C:\Users\pa211\.jdks\openjdk-23\bin\instrument.dll
Event: 0.207 Loaded shared library C:\Users\pa211\.jdks\openjdk-23\bin\net.dll
Event: 0.208 Loaded shared library C:\Users\pa211\.jdks\openjdk-23\bin\nio.dll
Event: 0.214 Loaded shared library C:\Users\pa211\.jdks\openjdk-23\bin\zip.dll
Event: 0.370 Loaded shared library C:\Users\pa211\.jdks\openjdk-23\bin\jimage.dll
Event: 2.046 Loaded shared library C:\Users\pa211\.jdks\openjdk-23\bin\sunmscapi.dll
Event: 3.235 Loaded shared library C:\Users\pa211\.jdks\openjdk-23\bin\verify.dll
Event: 3.490 Loaded shared library C:\Users\pa211\.jdks\openjdk-23\bin\extnet.dll
Event: 3.502 Loaded shared library C:\Users\pa211\.jdks\openjdk-23\bin\management.dll
Event: 3.505 Loaded shared library C:\Users\pa211\.jdks\openjdk-23\bin\management_ext.dll

Deoptimization events (20 events):
Event: 4.641 Thread 0x000001d21c76f7b0 DEOPT PACKING pc=0x000001d2271dce64 sp=0x0000001d7dcfa5b0
Event: 4.641 Thread 0x000001d21c76f7b0 DEOPT UNPACKING pc=0x000001d22e7284c2 sp=0x0000001d7dcf9aa0 mode 1
Event: 4.644 Thread 0x000001d21c76f7b0 DEOPT PACKING pc=0x000001d22edec5b0 sp=0x0000001d7dcfa0c0
Event: 4.644 Thread 0x000001d21c76f7b0 DEOPT UNPACKING pc=0x000001d22e7284c2 sp=0x0000001d7dcf94b8 mode 1
Event: 4.644 Thread 0x000001d21c76f7b0 DEOPT PACKING pc=0x000001d2271dce64 sp=0x0000001d7dcfa100
Event: 4.644 Thread 0x000001d21c76f7b0 DEOPT UNPACKING pc=0x000001d22e7284c2 sp=0x0000001d7dcf95f0 mode 1
Event: 4.644 Thread 0x000001d21c76f7b0 DEOPT PACKING pc=0x000001d22edec5b0 sp=0x0000001d7dcfa0c0
Event: 4.644 Thread 0x000001d21c76f7b0 DEOPT UNPACKING pc=0x000001d22e7284c2 sp=0x0000001d7dcf94b8 mode 1
Event: 4.644 Thread 0x000001d21c76f7b0 DEOPT PACKING pc=0x000001d2271dce64 sp=0x0000001d7dcfa100
Event: 4.644 Thread 0x000001d21c76f7b0 DEOPT UNPACKING pc=0x000001d22e7284c2 sp=0x0000001d7dcf95f0 mode 1
Event: 4.660 Thread 0x000001d21c76f7b0 DEOPT PACKING pc=0x000001d22edec5b0 sp=0x0000001d7dcfa540
Event: 4.660 Thread 0x000001d21c76f7b0 DEOPT UNPACKING pc=0x000001d22e7284c2 sp=0x0000001d7dcf9938 mode 1
Event: 4.660 Thread 0x000001d21c76f7b0 DEOPT PACKING pc=0x000001d2271dce64 sp=0x0000001d7dcfa580
Event: 4.660 Thread 0x000001d21c76f7b0 DEOPT UNPACKING pc=0x000001d22e7284c2 sp=0x0000001d7dcf9a70 mode 1
Event: 4.660 Thread 0x000001d21c76f7b0 DEOPT PACKING pc=0x000001d22edec5b0 sp=0x0000001d7dcfa540
Event: 4.660 Thread 0x000001d21c76f7b0 DEOPT UNPACKING pc=0x000001d22e7284c2 sp=0x0000001d7dcf9938 mode 1
Event: 4.660 Thread 0x000001d21c76f7b0 DEOPT PACKING pc=0x000001d2271dce64 sp=0x0000001d7dcfa580
Event: 4.660 Thread 0x000001d21c76f7b0 DEOPT UNPACKING pc=0x000001d22e7284c2 sp=0x0000001d7dcf9a70 mode 1
Event: 7.699 Thread 0x000001d21c76f7b0 DEOPT PACKING pc=0x000001d22744c4ec sp=0x0000001d7dcfb2e0
Event: 7.699 Thread 0x000001d21c76f7b0 DEOPT UNPACKING pc=0x000001d22e7284c2 sp=0x0000001d7dcfa798 mode 0

Classes loaded (20 events):
Event: 4.660 Loading class org/hibernate/internal/SessionFactoryRegistry
Event: 4.660 Loading class org/hibernate/internal/SessionFactoryRegistry done
Event: 4.660 Loading class org/hibernate/internal/CoreMessageLogger_$logger_en_IN
Event: 4.660 Loading class org/hibernate/internal/CoreMessageLogger_$logger_en_IN done
Event: 4.660 Loading class org/hibernate/internal/CoreMessageLogger_$logger_en
Event: 4.660 Loading class org/hibernate/internal/CoreMessageLogger_$logger_en done
Event: 4.660 Loading class org/hibernate/internal/SessionFactoryRegistry$1
Event: 4.660 Loading class org/hibernate/internal/SessionFactoryRegistry$1 done
Event: 4.661 Loading class org/springframework/orm/jpa/AbstractEntityManagerFactoryBean$ManagedEntityManagerFactoryInvocationHandler
Event: 4.661 Loading class org/springframework/orm/jpa/AbstractEntityManagerFactoryBean$ManagedEntityManagerFactoryInvocationHandler done
Event: 4.661 Loading class org/hibernate/engine/spi/FilterDefinition
Event: 4.661 Loading class org/hibernate/engine/spi/FilterDefinition done
Event: 4.662 Loading class jakarta/persistence/Query
Event: 4.662 Loading class jakarta/persistence/Query done
Event: 4.662 Loading class javax/naming/Reference
Event: 4.662 Loading class javax/naming/Reference done
Event: 4.666 Loading class org/springframework/beans/factory/support/DefaultListableBeanFactory$3
Event: 4.666 Loading class org/springframework/beans/factory/support/DefaultListableBeanFactory$3 done
Event: 8.199 Loading class com/intellij/rt/debugger/BatchEvaluatorServer
Event: 8.199 Loading class com/intellij/rt/debugger/BatchEvaluatorServer done

Classes unloaded (0 events):
No events

Classes redefined (0 events):
No events

Internal exceptions (20 events):
Event: 3.883 Thread 0x000001d21c76f7b0 Exception <a 'java/lang/NoSuchMethodError'{0x00000007057d98f0}: 'java.lang.Object java.lang.invoke.DirectMethodHandle$Holder.invokeSpecial(java.lang.Object, java.lang.Object, java.lang.Object, java.lang.Object, int)'> (0x00000007057d98f0) 
thrown [s\open\src\hotspot\share\interpreter\linkResolver.cpp, line 796]
Event: 3.883 Thread 0x000001d21c76f7b0 Exception <a 'java/lang/NoSuchMethodError'{0x00000007057dd5a0}: 'java.lang.Object java.lang.invoke.Invokers$Holder.linkToTargetMethod(java.lang.Object, java.lang.Object, int, java.lang.Object)'> (0x00000007057dd5a0) 
thrown [s\open\src\hotspot\share\interpreter\linkResolver.cpp, line 796]
Event: 4.003 Thread 0x000001d20ae94df0 Implicit null exception at 0x000001d22ee73e4e to 0x000001d22ee83db0
Event: 4.098 Thread 0x000001d21c76f7b0 Exception <a 'java/lang/IncompatibleClassChangeError'{0x0000000706447310}: Found class java.lang.Object, but interface was expected> (0x0000000706447310) 
thrown [s\open\src\hotspot\share\interpreter\linkResolver.cpp, line 863]
Event: 4.110 Thread 0x000001d21c76f7b0 Exception <a 'java/lang/NoSuchMethodError'{0x000000070653c5d0}: 'java.lang.Object java.lang.invoke.DirectMethodHandle$Holder.invokeStatic(java.lang.Object, java.lang.Object, int, java.lang.Object)'> (0x000000070653c5d0) 
thrown [s\open\src\hotspot\share\interpreter\linkResolver.cpp, line 796]
Event: 4.110 Thread 0x000001d21c76f7b0 Exception <a 'java/lang/NoSuchMethodError'{0x00000007065405f0}: 'java.lang.Object java.lang.invoke.DirectMethodHandle$Holder.invokeStaticInit(java.lang.Object, java.lang.Object, int, java.lang.Object)'> (0x00000007065405f0) 
thrown [s\open\src\hotspot\share\interpreter\linkResolver.cpp, line 796]
Event: 4.511 Thread 0x000001d21c76f7b0 Exception <a 'java/lang/NoSuchMethodError'{0x000000070c73ce10}: 'void java.lang.invoke.DirectMethodHandle$Holder.invokeStatic(java.lang.Object, java.lang.Object, java.lang.Object, int, java.lang.Object)'> (0x000000070c73ce10) 
thrown [s\open\src\hotspot\share\interpreter\linkResolver.cpp, line 796]
Event: 4.512 Thread 0x000001d21c76f7b0 Exception <a 'java/lang/NoSuchMethodError'{0x000000070c74a470}: 'void java.lang.invoke.DirectMethodHandle$Holder.invokeInterface(java.lang.Object, java.lang.Object, int, java.lang.Object)'> (0x000000070c74a470) 
thrown [s\open\src\hotspot\share\interpreter\linkResolver.cpp, line 796]
Event: 4.514 Thread 0x000001d21c76f7b0 Exception <a 'java/lang/NoSuchMethodError'{0x000000070c7740d8}: 'java.lang.Object java.lang.invoke.DirectMethodHandle$Holder.newInvokeSpecial(java.lang.Object, java.lang.Object, int, java.lang.Object)'> (0x000000070c7740d8) 
thrown [s\open\src\hotspot\share\interpreter\linkResolver.cpp, line 796]
Event: 4.526 Thread 0x000001d21c76f7b0 Exception <a 'java/lang/NoSuchMethodError'{0x000000070c477fb8}: 'void java.lang.invoke.DirectMethodHandle$Holder.invokeSpecial(java.lang.Object, java.lang.Object, java.lang.Object, java.lang.Object, java.lang.Object, java.lang.Object, java.lang.Object, java.lang.Object)'> (0x000000070c477fb8) 
thrown [s\open\src\hotspot\share\interpreter\linkResolver.cpp, line 796]
Event: 4.529 Thread 0x000001d21c76f7b0 Exception <a 'java/lang/NoSuchMethodError'{0x000000070c4baa98}: 'void java.lang.invoke.DirectMethodHandle$Holder.invokeSpecial(java.lang.Object, java.lang.Object, int, java.lang.Object)'> (0x000000070c4baa98) 
thrown [s\open\src\hotspot\share\interpreter\linkResolver.cpp, line 796]
Event: 4.548 Thread 0x000001d21c76f7b0 Exception <a 'java/lang/NoSuchMethodError'{0x000000070c2717a8}: 'int java.lang.invoke.DirectMethodHandle$Holder.invokeSpecial(java.lang.Object, java.lang.Object, int, java.lang.Object)'> (0x000000070c2717a8) 
thrown [s\open\src\hotspot\share\interpreter\linkResolver.cpp, line 796]
Event: 4.549 Thread 0x000001d21c76f7b0 Exception <a 'java/lang/NoSuchMethodError'{0x000000070c27a988}: 'int java.lang.invoke.DirectMethodHandle$Holder.invokeStatic(java.lang.Object, int, java.lang.Object)'> (0x000000070c27a988) 
thrown [s\open\src\hotspot\share\interpreter\linkResolver.cpp, line 796]
Event: 4.550 Thread 0x000001d21c76f7b0 Exception <a 'java/lang/NoSuchMethodError'{0x000000070c29cbd0}: 'java.lang.Object java.lang.invoke.DirectMethodHandle$Holder.newInvokeSpecial(java.lang.Object, java.lang.Object, java.lang.Object, java.lang.Object, java.lang.Object, int, java.lang.Object)'> (0x000000070c29cbd0) 
thrown [s\open\src\hotspot\share\interpreter\linkResolver.cpp, line 796]
Event: 4.553 Thread 0x000001d21c76f7b0 Exception <a 'java/lang/NoSuchMethodError'{0x000000070c2d2c18}: 'java.lang.Object java.lang.invoke.Invokers$Holder.linkToTargetMethod(java.lang.Object, java.lang.Object, java.lang.Object, java.lang.Object, java.lang.Object, java.lang.Object, java.lang.Object, java.lang.Object, java.lang.Object, java.lang.Object, java.lang.Object, java.lang.Object)'> (0x000000070c2d2c18) 
thrown [s\open\src\hotspot\share\interpreter\linkResolver.cpp, line 796]
Event: 4.574 Thread 0x000001d21c76f7b0 Exception <a 'java/lang/IncompatibleClassChangeError'{0x000000070c092180}: Found class java.lang.Object, but interface was expected> (0x000000070c092180) 
thrown [s\open\src\hotspot\share\interpreter\linkResolver.cpp, line 863]
Event: 4.580 Thread 0x000001d21c76f7b0 Exception <a 'java/lang/NoSuchMethodError'{0x000000070c11fa10}: 'java.lang.Object java.lang.invoke.DirectMethodHandle$Holder.newInvokeSpecial(java.lang.Object, java.lang.Object, java.lang.Object, java.lang.Object, java.lang.Object, java.lang.Object, java.lang.Object, int)'> (0x000000070c11fa10) 
thrown [s\open\src\hotspot\share\interpreter\linkResolver.cpp, line 796]
Event: 4.580 Thread 0x000001d21c76f7b0 Exception <a 'java/lang/NoSuchMethodError'{0x000000070c1247e8}: 'java.lang.Object java.lang.invoke.DirectMethodHandle$Holder.invokeSpecial(java.lang.Object, java.lang.Object, java.lang.Object, java.lang.Object, java.lang.Object, java.lang.Object, java.lang.Object, java.lang.Object, int)'> (0x000000070c1247e8) 
thrown [s\open\src\hotspot\share\interpreter\linkResolver.cpp, line 796]
Event: 4.580 Thread 0x000001d21c76f7b0 Exception <a 'java/lang/NoSuchMethodError'{0x000000070c129028}: 'java.lang.Object java.lang.invoke.Invokers$Holder.linkToTargetMethod(java.lang.Object, java.lang.Object, java.lang.Object, java.lang.Object, java.lang.Object, java.lang.Object, int, java.lang.Object)'> (0x000000070c129028) 
thrown [s\open\src\hotspot\share\interpreter\linkResolver.cpp, line 796]
Event: 8.199 Thread 0x000001d21c76f7b0 Exception <a 'java/lang/ClassNotFoundException'{0x000000070bad61d0}: com/intellij/rt/debugger/BatchEvaluatorServer> (0x000000070bad61d0) 
thrown [s\open\src\hotspot\share\classfile\systemDictionary.cpp, line 313]

VM Operations (20 events):
Event: 3.937 Executing VM operation: G1CollectForAllocation (G1 Evacuation Pause) done
Event: 4.322 Executing VM operation: G1CollectForAllocation (G1 Evacuation Pause)
Event: 4.331 Executing VM operation: G1CollectForAllocation (G1 Evacuation Pause) done
Event: 4.360 Executing VM operation: HandshakeAllThreads (Deoptimize)
Event: 4.360 Executing VM operation: HandshakeAllThreads (Deoptimize) done
Event: 4.388 Executing VM operation: HandshakeAllThreads (Deoptimize)
Event: 4.388 Executing VM operation: HandshakeAllThreads (Deoptimize) done
Event: 4.753 Executing VM operation: get/set locals
Event: 4.753 Executing VM operation: get/set locals done
Event: 7.698 Executing VM operation: ChangeSingleStep
Event: 7.698 Executing VM operation: ChangeSingleStep done
Event: 7.699 Executing VM operation: ChangeSingleStep
Event: 7.699 Executing VM operation: ChangeSingleStep done
Event: 8.114 Executing VM operation: get/set locals
Event: 8.114 Executing VM operation: get/set locals done
Event: 8.142 Executing VM operation: get/set locals
Event: 8.142 Executing VM operation: get/set locals done
Event: 8.142 Executing VM operation: get/set locals
Event: 8.142 Executing VM operation: get/set locals done
Event: 23.675 Executing VM operation: ChangeBreakpoints

Memory protections (0 events):
No events

Nmethod flushes (20 events):
Event: 3.381 Thread 0x000001d23d8d0d10 flushing  nmethod 0x000001d227393a88
Event: 3.381 Thread 0x000001d23d8d0d10 flushing  nmethod 0x000001d227394408
Event: 3.381 Thread 0x000001d23d8d0d10 flushing  nmethod 0x000001d227394888
Event: 3.381 Thread 0x000001d23d8d0d10 flushing  nmethod 0x000001d227394d08
Event: 3.381 Thread 0x000001d23d8d0d10 flushing osr nmethod 0x000001d2273bc288
Event: 3.381 Thread 0x000001d23d8d0d10 flushing  nmethod 0x000001d2273ded08
Event: 3.381 Thread 0x000001d23d8d0d10 flushing  nmethod 0x000001d2273ea188
Event: 3.381 Thread 0x000001d23d8d0d10 flushing  nmethod 0x000001d2273f9008
Event: 3.381 Thread 0x000001d23d8d0d10 flushing  nmethod 0x000001d227402f88
Event: 3.381 Thread 0x000001d23d8d0d10 flushing  nmethod 0x000001d22742ee08
Event: 3.381 Thread 0x000001d23d8d0d10 flushing  nmethod 0x000001d227434f08
Event: 3.381 Thread 0x000001d23d8d0d10 flushing  nmethod 0x000001d227435c88
Event: 3.381 Thread 0x000001d23d8d0d10 flushing  nmethod 0x000001d22746db08
Event: 3.381 Thread 0x000001d23d8d0d10 flushing  nmethod 0x000001d22747f608
Event: 3.381 Thread 0x000001d23d8d0d10 flushing  nmethod 0x000001d227484988
Event: 3.381 Thread 0x000001d23d8d0d10 flushing  nmethod 0x000001d22749e608
Event: 3.381 Thread 0x000001d23d8d0d10 flushing  nmethod 0x000001d22749fd88
Event: 3.381 Thread 0x000001d23d8d0d10 flushing  nmethod 0x000001d2274cb288
Event: 3.381 Thread 0x000001d23d8d0d10 flushing  nmethod 0x000001d2274ed608
Event: 3.381 Thread 0x000001d23d8d0d10 flushing  nmethod 0x000001d227501b88

Events (20 events):
Event: 0.039 Thread 0x000001d21c76f7b0 Thread added: 0x000001d23d8f8fd0
Event: 0.039 Thread 0x000001d21c76f7b0 Thread added: 0x000001d23d8fe860
Event: 0.113 Thread 0x000001d21c76f7b0 Thread added: 0x000001d27f112160
Event: 0.139 Thread 0x000001d21c76f7b0 Thread added: 0x000001d27f2bd290
Event: 0.139 Thread 0x000001d21c76f7b0 Thread added: 0x000001d27f2564c0
Event: 0.141 Thread 0x000001d27f2bd290 Thread added: 0x000001d27f256b50
Event: 0.196 Thread 0x000001d21c76f7b0 Thread added: 0x000001d27f29bfb0
Event: 0.250 Thread 0x000001d23d8fe860 Thread added: 0x000001d27f39f4f0
Event: 0.250 Thread 0x000001d23d8fe860 Thread added: 0x000001d27f309a20
Event: 1.581 Thread 0x000001d21c76f7b0 Thread added: 0x000001d2085d04d0
Event: 1.833 Thread 0x000001d21c76f7b0 Thread added: 0x000001d2058e2c60
Event: 1.871 Thread 0x000001d2058e2c60 Thread exited: 0x000001d2058e2c60
Event: 2.056 Thread 0x000001d2085d04d0 Thread exited: 0x000001d2085d04d0
Event: 3.671 Thread 0x000001d21c76f7b0 Thread added: 0x000001d206b0ee20
Event: 3.690 Thread 0x000001d21c76f7b0 Thread added: 0x000001d206b0d3e0
Event: 3.800 Thread 0x000001d206b0d3e0 Thread added: 0x000001d20ae94df0
Event: 9.682 Thread 0x000001d27f309a20 Thread exited: 0x000001d27f309a20
Event: 14.692 Thread 0x000001d27f39f4f0 Thread exited: 0x000001d27f39f4f0
Event: 23.674 Thread 0x000001d27f256b50 Thread exited: 0x000001d27f256b50
Event: 23.674 Thread 0x000001d20ae94df0 Thread exited: 0x000001d20ae94df0


Dynamic libraries:
0x00007ff6e75d0000 - 0x00007ff6e75de000 	C:\Users\pa211\.jdks\openjdk-23\bin\java.exe
0x00007ffa1cf70000 - 0x00007ffa1d187000 	C:\WINDOWS\SYSTEM32\ntdll.dll
0x00007ffa1b360000 - 0x00007ffa1b424000 	C:\WINDOWS\System32\KERNEL32.DLL
0x00007ffa1a770000 - 0x00007ffa1ab42000 	C:\WINDOWS\System32\KERNELBASE.dll
0x00007ffa1a4e0000 - 0x00007ffa1a5f1000 	C:\WINDOWS\System32\ucrtbase.dll
0x00007ff9f8d50000 - 0x00007ff9f8d67000 	C:\Users\pa211\.jdks\openjdk-23\bin\jli.dll
0x00007ff9fa290000 - 0x00007ff9fa2ab000 	C:\Users\pa211\.jdks\openjdk-23\bin\VCRUNTIME140.dll
0x00007ffa1ac00000 - 0x00007ffa1adb1000 	C:\WINDOWS\System32\USER32.dll
0x00007ff9ff000000 - 0x00007ff9ff29b000 	C:\WINDOWS\WinSxS\amd64_microsoft.windows.common-controls_6595b64144ccf1df_6.0.22621.5547_none_27104afb73855772\COMCTL32.dll
0x00007ffa1a370000 - 0x00007ffa1a396000 	C:\WINDOWS\System32\win32u.dll
0x00007ffa1c960000 - 0x00007ffa1ca07000 	C:\WINDOWS\System32\msvcrt.dll
0x00007ffa1af90000 - 0x00007ffa1afb9000 	C:\WINDOWS\System32\GDI32.dll
0x00007ffa1a240000 - 0x00007ffa1a363000 	C:\WINDOWS\System32\gdi32full.dll
0x00007ffa1a1a0000 - 0x00007ffa1a23a000 	C:\WINDOWS\System32\msvcp_win.dll
0x00007ffa1c320000 - 0x00007ffa1c351000 	C:\WINDOWS\System32\IMM32.DLL
0x00007ffa0ff30000 - 0x00007ffa0ff3c000 	C:\Users\pa211\.jdks\openjdk-23\bin\vcruntime140_1.dll
0x00007ff9f5220000 - 0x00007ff9f52ae000 	C:\Users\pa211\.jdks\openjdk-23\bin\msvcp140.dll
0x00007ff95d310000 - 0x00007ff95e05f000 	C:\Users\pa211\.jdks\openjdk-23\bin\server\jvm.dll
0x00007ffa1c400000 - 0x00007ffa1c4b1000 	C:\WINDOWS\System32\ADVAPI32.dll
0x00007ffa1c640000 - 0x00007ffa1c6e8000 	C:\WINDOWS\System32\sechost.dll
0x00007ffa1ab50000 - 0x00007ffa1ab78000 	C:\WINDOWS\System32\bcrypt.dll
0x00007ffa1ccc0000 - 0x00007ffa1cdd4000 	C:\WINDOWS\System32\RPCRT4.dll
0x00007ffa1cc10000 - 0x00007ffa1cc81000 	C:\WINDOWS\System32\WS2_32.dll
0x00007ffa19e80000 - 0x00007ffa19ecd000 	C:\WINDOWS\SYSTEM32\POWRPROF.dll
0x00007ffa12fd0000 - 0x00007ffa13004000 	C:\WINDOWS\SYSTEM32\WINMM.dll
0x00007ffa12d00000 - 0x00007ffa12d0a000 	C:\WINDOWS\SYSTEM32\VERSION.dll
0x00007ffa19e60000 - 0x00007ffa19e73000 	C:\WINDOWS\SYSTEM32\UMPDC.dll
0x00007ffa19060000 - 0x00007ffa19078000 	C:\WINDOWS\SYSTEM32\kernel.appcore.dll
0x00007ff9fefe0000 - 0x00007ff9fefea000 	C:\Users\pa211\.jdks\openjdk-23\bin\jimage.dll
0x00007ffa175c0000 - 0x00007ffa177f3000 	C:\WINDOWS\SYSTEM32\DBGHELP.DLL
0x00007ffa1afc0000 - 0x00007ffa1b353000 	C:\WINDOWS\System32\combase.dll
0x00007ffa1cde0000 - 0x00007ffa1ceb7000 	C:\WINDOWS\System32\OLEAUT32.dll
0x00007ff9f46a0000 - 0x00007ff9f46d2000 	C:\WINDOWS\SYSTEM32\dbgcore.DLL
0x00007ffa1a120000 - 0x00007ffa1a19b000 	C:\WINDOWS\System32\bcryptPrimitives.dll
0x00007ff9efce0000 - 0x00007ff9efd1c000 	C:\Users\pa211\.jdks\openjdk-23\bin\jdwp.dll
0x00007ff9f9d60000 - 0x00007ff9f9d6f000 	C:\Users\pa211\.jdks\openjdk-23\bin\instrument.dll
0x00007ff9f8d30000 - 0x00007ff9f8d4e000 	C:\Users\pa211\.jdks\openjdk-23\bin\java.dll
0x00007ffa1ca10000 - 0x00007ffa1cbb0000 	C:\WINDOWS\System32\ole32.dll
0x00007ffa1b480000 - 0x00007ffa1bd22000 	C:\WINDOWS\System32\SHELL32.dll
0x00007ffa1a3a0000 - 0x00007ffa1a4df000 	C:\WINDOWS\System32\wintypes.dll
0x00007ff9f61b0000 - 0x00007ff9f61c7000 	C:\Users\pa211\.jdks\openjdk-23\bin\zip.dll
0x00007ffa17f40000 - 0x00007ffa1885d000 	C:\WINDOWS\SYSTEM32\windows.storage.dll
0x00007ffa1c850000 - 0x00007ffa1c95c000 	C:\WINDOWS\System32\SHCORE.dll
0x00007ffa1c5d0000 - 0x00007ffa1c639000 	C:\WINDOWS\System32\shlwapi.dll
0x00007ffa19f90000 - 0x00007ffa19fbb000 	C:\WINDOWS\SYSTEM32\profapi.dll
0x00007ff9ef300000 - 0x00007ff9ef3d7000 	C:\Users\pa211\.jdks\openjdk-23\bin\jsvml.dll
0x00007ff9f50e0000 - 0x00007ff9f50ec000 	C:\Users\pa211\.jdks\openjdk-23\bin\dt_socket.dll
0x00007ffa18ab0000 - 0x00007ffa18add000 	C:\WINDOWS\SYSTEM32\IPHLPAPI.DLL
0x00007ffa194e0000 - 0x00007ffa19549000 	C:\WINDOWS\system32\mswsock.dll
0x00007ff9f9d20000 - 0x00007ff9f9d30000 	C:\Users\pa211\.jdks\openjdk-23\bin\net.dll
0x00007ff9f8ca0000 - 0x00007ff9f8cb6000 	C:\Users\pa211\.jdks\openjdk-23\bin\nio.dll
0x00007ff9f51f0000 - 0x00007ff9f51fe000 	C:\Users\pa211\.jdks\openjdk-23\bin\sunmscapi.dll
0x00007ffa1a600000 - 0x00007ffa1a767000 	C:\WINDOWS\System32\CRYPT32.dll
0x00007ffa19920000 - 0x00007ffa1994d000 	C:\WINDOWS\SYSTEM32\ncrypt.dll
0x00007ffa198e0000 - 0x00007ffa19917000 	C:\WINDOWS\SYSTEM32\NTASN1.dll
0x00007ffa19740000 - 0x00007ffa1975b000 	C:\WINDOWS\SYSTEM32\CRYPTSP.dll
0x00007ffa18fc0000 - 0x00007ffa18ff7000 	C:\WINDOWS\system32\rsaenh.dll
0x00007ffa195e0000 - 0x00007ffa19608000 	C:\WINDOWS\SYSTEM32\USERENV.dll
0x00007ffa19760000 - 0x00007ffa1976c000 	C:\WINDOWS\SYSTEM32\CRYPTBASE.dll
0x00007ffa1bde0000 - 0x00007ffa1bde9000 	C:\WINDOWS\System32\NSI.dll
0x00007ff9f14f0000 - 0x00007ff9f1500000 	C:\Users\pa211\.jdks\openjdk-23\bin\verify.dll
0x00007ffa18ae0000 - 0x00007ffa18bd8000 	C:\WINDOWS\SYSTEM32\DNSAPI.dll
0x00007ffa12cd0000 - 0x00007ffa12cda000 	C:\Windows\System32\rasadhlp.dll
0x00007ffa12910000 - 0x00007ffa12994000 	C:\WINDOWS\System32\fwpuclnt.dll
0x00007ff9f8040000 - 0x00007ff9f8049000 	C:\Users\pa211\.jdks\openjdk-23\bin\extnet.dll
0x00007ff9f5910000 - 0x00007ff9f591a000 	C:\Users\pa211\.jdks\openjdk-23\bin\management.dll
0x00007ff9f5210000 - 0x00007ff9f521b000 	C:\Users\pa211\.jdks\openjdk-23\bin\management_ext.dll
0x00007ffa1c2f0000 - 0x00007ffa1c2f8000 	C:\WINDOWS\System32\PSAPI.DLL

dbghelp: loaded successfully - version: 4.0.5 - missing functions: none
symbol engine: initialized successfully - sym options: 0x614 - pdb path: .;C:\Users\pa211\.jdks\openjdk-23\bin;C:\WINDOWS\SYSTEM32;C:\WINDOWS\WinSxS\amd64_microsoft.windows.common-controls_6595b64144ccf1df_6.0.22621.5547_none_27104afb73855772;C:\Users\pa211\.jdks\openjdk-23\bin\server

VM Arguments:
jvm_args: -agentlib:jdwp=transport=dt_socket,address=127.0.0.1:63607,suspend=y,server=n -ea -Didea.test.cyclic.buffer.size=1048576 -javaagent:C:\Users\pa211\AppData\Local\JetBrains\IntelliJIdea2024.2\captureAgent\debugger-agent.jar -Dkotlinx.coroutines.debug.enable.creation.stack.trace=false -Ddebugger.agent.enable.coroutines=true -Dfile.encoding=UTF-8 -Dsun.stdout.encoding=UTF-8 -Dsun.stderr.encoding=UTF-8 
java_command: com.intellij.rt.junit.JUnitStarter -ideVersion5 -junit5 com.codingshuttle.youtube.hospitalManagement.PatientTests,testPatientRepository
java_class_path (initial): C:\Users\pa211\.m2\repository\org\junit\platform\junit-platform-launcher\1.12.2\junit-platform-launcher-1.12.2.jar;C:\Users\pa211\AppData\Local\Programs\IntelliJ IDEA Ultimate\lib\idea_rt.jar;C:\Users\pa211\AppData\Local\Programs\IntelliJ IDEA Ultimate\plugins\junit\lib\junit5-rt.jar;C:\Users\pa211\AppData\Local\Programs\IntelliJ IDEA Ultimate\plugins\junit\lib\junit-rt.jar;D:\JAVA\Spring_Springboot (LEARNING)\hospitalManagement\target\test-classes;D:\JAVA\Spring_Springboot (LEARNING)\hospitalManagement\target\classes;C:\Users\pa211\.m2\repository\org\springframework\boot\spring-boot-starter-data-jpa\3.5.3\spring-boot-starter-data-jpa-3.5.3.jar;C:\Users\pa211\.m2\repository\org\springframework\boot\spring-boot-starter\3.5.3\spring-boot-starter-3.5.3.jar;C:\Users\pa211\.m2\repository\org\springframework\boot\spring-boot\3.5.3\spring-boot-3.5.3.jar;C:\Users\pa211\.m2\repository\org\springframework\boot\spring-boot-autoconfigure\3.5.3\spring-boot-autoconfigure-3.5.3.jar;C:\Users\pa211\.m2\repository\org\springframework\boot\spring-boot-starter-logging\3.5.3\spring-boot-starter-logging-3.5.3.jar;C:\Users\pa211\.m2\repository\ch\qos\logback\logback-classic\1.5.18\logback-classic-1.5.18.jar;C:\Users\pa211\.m2\repository\ch\qos\logback\logback-core\1.5.18\logback-core-1.5.18.jar;C:\Users\pa211\.m2\repository\org\apache\logging\log4j\log4j-to-slf4j\2.24.3\log4j-to-slf4j-2.24.3.jar;C:\Users\pa211\.m2\repository\org\apache\logging\log4j\log4j-api\2.24.3\log4j-api-2.24.3.jar;C:\Users\pa211\.m2\repository\org\slf4j\jul-to-slf4j\2.0.17\jul-to-slf4j-2.0.17.jar;C:\Users\pa211\.m2\repository\jakarta\annotation\jakarta.annotation-api\2.1.1\jakarta.annotation-api-2.1.1.jar;C:\Users\pa211\.m2\repository\org\yaml\snakeyaml\2.4\snakeyaml-2.4.jar;C:\Users\pa211\.m2\repository\org\springframework\boot\spring-boot-starter-jdbc\3.5.3\spring-boot-starter-jdbc-3.5.3.jar;C:\Users\pa211\.m2\repository\com\zaxxer\HikariCP\6.3.0\HikariCP-6.3.0.jar;C:\Users\pa211\.m2\repository\org\springframework\spring-jdbc\6.2.8\spring-jdbc-6.2.8.jar;C:\Users\pa211\.m2\repository\org\hibernate\orm\hibernate-core\6.6.18.Final\hibernate-core-6.6.18.Final.jar;C:\Users\pa211\.m2\repository\jakarta\persistence\jakarta.persistence-api\3.1.0\jakarta.persistence-api-3.1.0.jar;C:\Users\pa211\.m2\repository\jakarta\transaction\jakarta.transaction-api\2.0.1\jakarta.transaction-api-2.0.1.jar;C:\Users\pa211\.m2\repository\org\jboss\logging\jboss-logging\3.6.1.Final\jboss-logging-3.6.1.Final.jar;C:\Users\pa211\.m2\repository\org\hibernate\common\hibernate-commons-annotations\7.0.3.Final\hibernate-commons-annotations-7.0.3.Final.jar;C:\Users\pa211\.m2\repository\io\smallrye\jandex\3.2.0\jandex-3.2.0.jar;C:\Users\pa211\.m2\repository\com\fasterxml\classmate\1.7.0\classmate-1.7.0.jar;C:\Users\pa211\.m2\repository\net\bytebuddy\byte-buddy\1.17.6\byte-buddy-1.17.6.jar;C:\Users\pa211\.m2\repository\org\glassfish\jaxb\jaxb-runtime\4.0.5\jaxb-runtime-4.0.5.jar;C:\Users\pa211\.m2\repository\org\glassfish\jaxb\jaxb-core\4.0.5\jaxb-core-4.0.5.jar;C:\Users\pa211\.m2\repository\org\eclipse\angus\angus-activation\2.0.2\angus-activation-2.0.2.jar;C:\Users\pa211\.m2\repository\org\glassfish\jaxb\txw2\4.0.5\txw2-4.0.5.jar;C:\Users\pa211\.m2\repository\com\sun\istack\istack-commons-runtime\4.1.2\istack-commons-runtime-4.1.2.jar;C:\Users\pa211\.m2\repository\jakarta\inject\jakarta.inject-api\2.0.1\jakarta.inject-api-2.0.1.jar;C:\Users\pa211\.m2\repository\org\antlr\antlr4-runtime\4.13.0\antlr4-runtime-4.13.0.jar;C:\Users\pa211\.m2\repository\org\springframework\data\spring-data-jpa\3.5.1\spring-data-jpa-3.5.1.jar;C:\Users\pa211\.m2\repository\org\springframework\data\spring-data-commons\3.5.1\spring-data-commons-3.5.1.jar;C:\Users\pa211\.m2\repository\org\springframework\spring-orm\6.2.8\spring-orm-6.2.8.jar;C:\Users\pa211\.m2\repository\org\springframework\spring-context\6.2.8\spring-context-6.2.8.jar;C:\Users\pa211\.m2\repository\org\springframework\spring-aop\6.2.8\spring-aop-6.2.8.jar;C:\Users\pa211\.m2\repository\org\springframework\spring-tx\6.2.8\spring-tx-6.2.8.jar;C:\Users\pa211\.m2\repository\org\springframework\spring-beans\6.2.8\spring-beans-6.2.8.jar;C:\Users\pa211\.m2\repository\org\slf4j\slf4j-api\2.0.17\slf4j-api-2.0.17.jar;C:\Users\pa211\.m2\repository\org\springframework\spring-aspects\6.2.8\spring-aspects-6.2.8.jar;C:\Users\pa211\.m2\repository\org\aspectj\aspectjweaver\1.9.24\aspectjweaver-1.9.24.jar;C:\Users\pa211\.m2\repository\org\springframework\boot\spring-boot-starter-web\3.5.3\spring-boot-starter-web-3.5.3.jar;C:\Users\pa211\.m2\repository\org\springframework\boot\spring-boot-starter-json\3.5.3\spring-boot-starter-json-3.5.3.jar;C:\Users\pa211\.m2\repository\com\fasterxml\jackson\core\jackson-databind\2.19.1\jackson-databind-2.19.1.jar;C:\Users\pa211\.m2\repository\com\fasterxml\jackson\core\jackson-annotations\2.19.1\jackson-annotations-2.19.1.jar;C:\Users\pa211\.m2\repository\com\fasterxml\jackson\core\jackson-core\2.19.1\jackson-core-2.19.1.jar;C:\Users\pa211\.m2\repository\com\fasterxml\jackson\datatype\jackson-datatype-jdk8\2.19.1\jackson-datatype-jdk8-2.19.1.jar;C:\Users\pa211\.m2\repository\com\fasterxml\jackson\datatype\jackson-datatype-jsr310\2.19.1\jackson-datatype-jsr310-2.19.1.jar;C:\Users\pa211\.m2\repository\com\fasterxml\jackson\module\jackson-module-parameter-names\2.19.1\jackson-module-parameter-names-2.19.1.jar;C:\Users\pa211\.m2\repository\org\springframework\boot\spring-boot-starter-tomcat\3.5.3\spring-boot-starter-tomcat-3.5.3.jar;C:\Users\pa211\.m2\repository\org\apache\tomcat\embed\tomcat-embed-core\10.1.42\tomcat-embed-core-10.1.42.jar;C:\Users\pa211\.m2\repository\org\apache\tomcat\embed\tomcat-embed-el\10.1.42\tomcat-embed-el-10.1.42.jar;C:\Users\pa211\.m2\repository\org\apache\tomcat\embed\tomcat-embed-websocket\10.1.42\tomcat-embed-websocket-10.1.42.jar;C:\Users\pa211\.m2\repository\org\springframework\spring-web\6.2.8\spring-web-6.2.8.jar;C:\Users\pa211\.m2\repository\io\micrometer\micrometer-observation\1.15.1\micrometer-observation-1.15.1.jar;C:\Users\pa211\.m2\repository\io\micrometer\micrometer-commons\1.15.1\micrometer-commons-1.15.1.jar;C:\Users\pa211\.m2\repository\org\springframework\spring-webmvc\6.2.8\spring-webmvc-6.2.8.jar;C:\Users\pa211\.m2\repository\org\springframework\spring-expression\6.2.8\spring-expression-6.2.8.jar;C:\Users\pa211\.m2\repository\org\projectlombok\lombok\1.18.38\lombok-1.18.38.jar;C:\Users\pa211\.m2\repository\org\postgresql\postgresql\42.7.7\postgresql-42.7.7.jar;C:\Users\pa211\.m2\repository\org\checkerframework\checker-qual\3.49.3\checker-qual-3.49.3.jar;C:\Users\pa211\.m2\repository\org\springframework\boot\spring-boot-starter-test\3.5.3\spring-boot-starter-test-3.5.3.jar;C:\Users\pa211\.m2\repository\org\springframework\boot\spring-boot-test\3.5.3\spring-boot-test-3.5.3.jar;C:\Users\pa211\.m2\repository\org\springframework\boot\spring-boot-test-autoconfigure\3.5.3\spring-boot-test-autoconfigure-3.5.3.jar;C:\Users\pa211\.m2\repository\com\jayway\jsonpath\json-path\2.9.0\json-path-2.9.0.jar;C:\Users\pa211\.m2\repository\jakarta\xml\bind\jakarta.xml.bind-api\4.0.2\jakarta.xml.bind-api-4.0.2.jar;C:\Users\pa211\.m2\repository\jakarta\activation\jakarta.activation-api\2.1.3\jakarta.activation-api-2.1.3.jar;C:\Users\pa211\.m2\repository\net\minidev\json-smart\2.5.2\json-smart-2.5.2.jar;C:\Users\pa211\.m2\repository\net\minidev\accessors-smart\2.5.2\accessors-smart-2.5.2.jar;C:\Users\pa211\.m2\repository\org\ow2\asm\asm\9.7.1\asm-9.7.1.jar;C:\Users\pa211\.m2\repository\org\assertj\assertj-core\3.27.3\assertj-core-3.27.3.jar;C:\Users\pa211\.m2\repository\org\awaitility\awaitility\4.2.2\awaitility-4.2.2.jar;C:\Users\pa211\.m2\repository\org\hamcrest\hamcrest\3.0\hamcrest-3.0.jar;C:\Users\pa211\.m2\repository\org\junit\jupiter\junit-jupiter\5.12.2\junit-jupiter-5.12.2.jar;C:\Users\pa211\.m2\repository\org\junit\jupiter\junit-jupiter-api\5.12.2\junit-jupiter-api-5.12.2.jar;C:\Users\pa211\.m2\repository\org\opentest4j\opentest4j\1.3.0\opentest4j-1.3.0.jar;C:\Users\pa211\.m2\repository\org\junit\platform\junit-platform-commons\1.12.2\junit-platform-commons-1.12.2.jar;C:\Users\pa211\.m2\repository\org\apiguardian\apiguardian-api\1.1.2\apiguardian-api-1.1.2.jar;C:\Users\pa211\.m2\repository\org\junit\jupiter\junit-jupiter-params\5.12.2\junit-jupiter-params-5.12.2.jar;C:\Users\pa211\.m2\repository\org\junit\jupiter\junit-jupiter-engine\5.12.2\junit-jupiter-engine-5.12.2.jar;C:\Users\pa211\.m2\repository\org\junit\platform\junit-platform-engine\1.12.2\junit-platform-engine-1.12.2.jar;C:\Users\pa211\.m2\repository\org\mockito\mockito-core\5.17.0\mockito-core-5.17.0.jar;C:\Users\pa211\.m2\repository\net\bytebuddy\byte-buddy-agent\1.17.6\byte-buddy-agent-1.17.6.jar;C:\Users\pa211\.m2\repository\org\objenesis\objenesis\3.3\objenesis-3.3.jar;C:\Users\pa211\.m2\repository\org\mockito\mockito-junit-jupiter\5.17.0\mockito-junit-jupiter-5.17.0.jar;C:\Users\pa211\.m2\repository\org\skyscreamer\jsonassert\1.5.3\jsonassert-1.5.3.jar;C:\Users\pa211\.m2\repository\com\vaadin\external\google\android-json\0.0.20131108.vaadin1\android-json-0.0.20131108.vaadin1.jar;C:\Users\pa211\.m2\repository\org\springframework\spring-core\6.2.8\spring-core-6.2.8.jar;C:\Users\pa211\.m2\repository\org\springframework\spring-jcl\6.2.8\spring-jcl-6.2.8.jar;C:\Users\pa211\.m2\repository\org\springframework\spring-test\6.2.8\spring-test-6.2.8.jar;C:\Users\pa211\.m2\repository\org\xmlunit\xmlunit-core\2.10.2\xmlunit-core-2.10.2.jar
Launcher Type: SUN_STANDARD

[Global flags]
     intx CICompilerCount                          = 4                                         {product} {ergonomic}
     uint ConcGCThreads                            = 2                                         {product} {ergonomic}
     uint G1ConcRefinementThreads                  = 8                                         {product} {ergonomic}
   size_t G1HeapRegionSize                         = 2097152                                   {product} {ergonomic}
   size_t InitialHeapSize                          = 266338304                                 {product} {ergonomic}
   size_t MarkStackSize                            = 4194304                                   {product} {ergonomic}
   size_t MarkStackSizeMax                         = 536870912                                 {product} {ergonomic}
   size_t MaxHeapSize                              = 4234149888                                {product} {ergonomic}
   size_t MaxNewSize                               = 2539651072                                {product} {ergonomic}
   size_t MinHeapDeltaBytes                        = 2097152                                   {product} {ergonomic}
   size_t MinHeapSize                              = 8388608                                   {product} {ergonomic}
    uintx NonNMethodCodeHeapSize                   = 5832704                                {pd product} {ergonomic}
    uintx NonProfiledCodeHeapSize                  = 122945536                              {pd product} {ergonomic}
    uintx ProfiledCodeHeapSize                     = 122880000                              {pd product} {ergonomic}
    uintx ReservedCodeCacheSize                    = 251658240                              {pd product} {ergonomic}
     bool SegmentedCodeCache                       = true                                      {product} {ergonomic}
   size_t SoftMaxHeapSize                          = 4234149888                             {manageable} {ergonomic}
     bool UseCompressedOops                        = true                           {product lp64_product} {ergonomic}
     bool UseG1GC                                  = true                                      {product} {ergonomic}
     bool UseLargePagesIndividualAllocation        = false                                  {pd product} {ergonomic}

Logging:
Log output configuration:
 #0: stdout all=warning uptime,level,tags foldmultilines=false
 #1: stderr all=off uptime,level,tags foldmultilines=false

Environment Variables:
PATH=C:\Program Files\Java\jdk-17\bin;C:\Program Files\Git\cmd;C:\Users\pa211\AppData\Local\Programs\Python\Python311\Scripts\;C:\Users\pa211\AppData\Local\Programs\Python\Python311\;C:\Program Files\Java\jdk-17\bin;C:\Program Files\nodejs\;C:\Program Files\MySQL\MySQL Shell 8.0\bin\;C:\Users\pa211\AppData\Local\Microsoft\WindowsApps;C:\MinGW\bin;C:\Users\pa211\AppData\Local\Programs\Microsoft VS Code\bin;C:\Users\pa211\AppData\Local\GitHubDesktop\bin;C:\Program Files\JetBrains\PyCharm Community Edition 2023.2.3\bin;C:\Program Files\MySQL\MySQL Server 8.3\bin;C:\Program Files\JetBrains\IntelliJ IDEA Community Edition 2024.1.1\bin;C:\Users\pa211\AppData\Local\JetBrains\Toolbox\scripts;C:\Users\pa211\AppData\Local\Programs\Python\Python311\Scripts;C:\Users\pa211\AppData\Local\Packages\PythonSoftwareFoundation.Python.3.13_qbz5n2kfra8p0\LocalCache\local-packages\Python313\Scripts;C:\Windows\System32;
USERNAME=one
OS=Windows_NT
PROCESSOR_IDENTIFIER=Intel64 Family 6 Model 140 Stepping 1, GenuineIntel
TMP=C:\Users\pa211\AppData\Local\Temp
TEMP=C:\Users\pa211\AppData\Local\Temp




Periodic native trim disabled

---------------  S Y S T E M  ---------------

OS:
 Windows 11 , 64 bit Build 22621 (10.0.22621.5415)
OS uptime: 10 days 6:04 hours
Hyper-V role detected

CPU: total 8 (initial active 8) (4 cores per cpu, 2 threads per core) family 6 model 140 stepping 1 microcode 0xac, cx8, cmov, fxsr, ht, mmx, 3dnowpref, sse, sse2, sse3, ssse3, sse4.1, sse4.2, popcnt, lzcnt, tsc, tscinvbit, avx, avx2, aes, erms, clmul, bmi1, bmi2, adx, avx512f, avx512dq, avx512cd, avx512bw, avx512vl, sha, fma, vzeroupper, avx512_vpopcntdq, avx512_vpclmulqdq, avx512_vaes, avx512_vnni, clflush, clflushopt, clwb, avx512_vbmi2, avx512_vbmi, hv, rdtscp, rdpid, fsrm, gfni, avx512_bitalg, f16c, cet_ibt, cet_ss, avx512_ifma
Processor Information for the first 8 processors :
  Max Mhz: 2419, Current Mhz: 2419, Mhz Limit: 2419

Memory: 4k page, system-wide physical 16149M (2569M free)
TotalPageFile size 24982M (AvailPageFile size 3932M)
current process WorkingSet (physical memory assigned to process): 225M, peak: 290M
current process commit charge ("private bytes"): 346M, peak: 462M

vm_info: OpenJDK 64-Bit Server VM (23+37-2369) for windows-amd64 JRE (23+37-2369), built on 2024-08-20T16:01:23Z with MS VC++ 17.6 (VS2022)

END.
